<?xml version="1.0" encoding="UTF-8"?>
<!-- Generated by org.testng.reporters.JUnitReportReporter -->
<testsuite hostname="COG-WIN-MAC03" failures="0" tests="12" name="testcases.CompanySetUpTest" time="691.291" errors="0" timestamp="2023-06-29T05:36:22 IST" skipped="0">
  <testcase classname="testcases.CompanySetUpTest" name="ValidateClickTestingOfClientPage" time="67.618"/>
  <system-out/>
  <testcase classname="testcases.CompanySetUpTest" name="ValidateClickTestingOfCompanyDirectoryPage" time="35.867"/>
  <system-out/>
  <testcase classname="testcases.CompanySetUpTest" name="ValidateClickTestingOfCompanySetupPage" time="39.437"/>
  <system-out/>
  <testcase classname="testcases.CompanySetUpTest" name="ValidateClickTestingOfConfigurationPage" time="47.077"/>
  <system-out/>
  <testcase classname="testcases.CompanySetUpTest" name="ValidateClickTestingOfContextMenuPage" time="35.701"/>
  <system-out/>
  <testcase classname="testcases.CompanySetUpTest" name="ValidateClickTestingOfHoliDayBankPage" time="72.340"/>
  <system-out/>
  <testcase classname="testcases.CompanySetUpTest" name="ValidateClickTestingOfManageSubscriptionPage" time="37.039"/>
  <system-out/>
  <testcase classname="testcases.CompanySetUpTest" name="ValidateClickTestingOfManageTaxPage" time="145.600"/>
  <system-out/>
  <testcase classname="testcases.CompanySetUpTest" name="ValidateClickTestingOfResourceApprovalPage" time="39.201"/>
  <system-out/>
  <testcase classname="testcases.CompanySetUpTest" name="ValidateClickTestingOfRolesPage" time="41.322"/>
  <system-out/>
  <testcase classname="testcases.CompanySetUpTest" name="ValidateClickTestingOfUserPage" time="60.418"/>
  <system-out/>
  <testcase classname="testcases.CompanySetUpTest" name="ValidateClickTestingOfSearchVendorsPage" time="69.671"/>
  <system-out/>
</testsuite> <!-- testcases.CompanySetUpTest -->
