<?xml version="1.0" encoding="UTF-8"?>
<!-- Generated by org.testng.reporters.JUnitReportReporter -->
<testsuite hostname="COG-WIN-MAC03" failures="0" tests="2" name="testcases.DisplayScreenTest" time="95.755" errors="0" timestamp="2022-11-09T13:40:06 IST" skipped="0">
  <testcase classname="testcases.DisplayScreenTest" name="ValidateClickTestingOfCounterPage" time="33.942"/>
  <system-out/>
  <testcase classname="testcases.DisplayScreenTest" name="ValidateClickTestingOfTokenPage" time="61.813"/>
  <system-out/>
</testsuite> <!-- testcases.DisplayScreenTest -->
