<?xml version="1.0" encoding="UTF-8"?>
<!-- Generated by org.testng.reporters.JUnitReportReporter -->
<testsuite hostname="COG-WIN-MAC03" failures="0" tests="12" name="testcases.IntegrationTest" time="651.990" errors="0" timestamp="2023-06-29T05:36:22 IST" skipped="0">
  <testcase classname="testcases.IntegrationTest" name="ValidateClickTestingOfBasecampPage" time="28.106"/>
  <system-out/>
  <testcase classname="testcases.IntegrationTest" name="ValidateClickTestingOfConnectorPage" time="140.562"/>
  <system-out/>
  <testcase classname="testcases.IntegrationTest" name="ValidateClickTestingOfEmailPage" time="35.899"/>
  <system-out/>
  <testcase classname="testcases.IntegrationTest" name="ValidateClickTestingOfFreshBookPage" time="41.680"/>
  <system-out/>
  <testcase classname="testcases.IntegrationTest" name="ValidateClickTestingOfGPSTrackingPage" time="47.814"/>
  <system-out/>
  <testcase classname="testcases.IntegrationTest" name="ValidateClickTestingOfIVrPage" time="73.722"/>
  <system-out/>
  <testcase classname="testcases.IntegrationTest" name="ValidateClickTestingOfMicrosoftProjectPlanPage" time="52.738"/>
  <system-out/>
  <testcase classname="testcases.IntegrationTest" name="ValidateClickTestingOfQuickBooksPage" time="44.875"/>
  <system-out/>
  <testcase classname="testcases.IntegrationTest" name="ValidateClickTestingOfSalesForcePage" time="36.770"/>
  <system-out/>
  <testcase classname="testcases.IntegrationTest" name="ValidateClickTestingOfTrelloPage" time="47.082"/>
  <system-out/>
  <testcase classname="testcases.IntegrationTest" name="ValidateClickTestingOfTwilioPage" time="58.501"/>
  <system-out/>
  <testcase classname="testcases.IntegrationTest" name="ValidateClickTestingOfUnifiedSetupPage" time="44.241"/>
  <system-out/>
</testsuite> <!-- testcases.IntegrationTest -->
