<?xml version="1.0" encoding="UTF-8"?>
<!-- Generated by org.testng.reporters.JUnitReportReporter -->
<testsuite hostname="COG-WIN-MAC03" failures="0" tests="13" name="testcases.HumanResourcesTest" time="705.112" errors="0" timestamp="2022-11-09T13:40:06 IST" skipped="0">
  <testcase classname="testcases.HumanResourcesTest" name="ValidateClickTestingOfAttendancePage" time="19.712"/>
  <system-out/>
  <testcase classname="testcases.HumanResourcesTest" name="ValidateClickTestingOfAttendanceApprovalPage" time="37.509"/>
  <system-out/>
  <testcase classname="testcases.HumanResourcesTest" name="ValidateClickTestingOfCandidateListPage" time="80.126"/>
  <system-out/>
  <testcase classname="testcases.HumanResourcesTest" name="ValidateClickTestingOfCheckInFlagListPage" time="33.288"/>
  <system-out/>
  <testcase classname="testcases.HumanResourcesTest" name="ValidateClickTestingOfConsultantListPage" time="60.802"/>
  <system-out/>
  <testcase classname="testcases.HumanResourcesTest" name="ValidateClickTestingOfGroupListPage" time="49.863"/>
  <system-out/>
  <testcase classname="testcases.HumanResourcesTest" name="ValidateClickTestingOfHRReportPage" time="40.616"/>
  <system-out/>
  <testcase classname="testcases.HumanResourcesTest" name="ValidateClickTestingOfInductionDocumentListPage" time="51.208"/>
  <system-out/>
  <testcase classname="testcases.HumanResourcesTest" name="ValidateClickTestingOfLeavePage" time="93.656"/>
  <system-out/>
  <testcase classname="testcases.HumanResourcesTest" name="ValidateClickTestingOfLeaveApprovalPage" time="74.661"/>
  <system-out/>
  <testcase classname="testcases.HumanResourcesTest" name="ValidateClickTestingOfLeaveTypeListingPage" time="55.522"/>
  <system-out/>
  <testcase classname="testcases.HumanResourcesTest" name="ValidateClickTestingOfManageCheckInPage" time="48.061"/>
  <system-out/>
  <testcase classname="testcases.HumanResourcesTest" name="ValidateClickTestingOfTalentPoolListPage" time="60.088"/>
  <system-out/>
</testsuite> <!-- testcases.HumanResourcesTest -->
