<?xml version="1.0" encoding="UTF-8"?>
<!-- Generated by org.testng.reporters.JUnitReportReporter -->
<testsuite hostname="COG-WIN-MAC03" failures="0" tests="19" name="testcases.FsmTest" time="1634.579" errors="0" timestamp="2022-12-12T10:54:30 IST" skipped="0">
  <testcase classname="testcases.FsmTest" name="ValidateClickTestingOfAddTicketPage" time="87.531"/>
  <system-out/>
  <testcase classname="testcases.FsmTest" name="ValidateClickTestingOfCallCenterSyncStatusPage" time="75.561"/>
  <system-out/>
  <testcase classname="testcases.FsmTest" name="ValidateClickTestingOfFieldServiceTicketPage" time="129.258"/>
  <system-out/>
  <testcase classname="testcases.FsmTest" name="ValidateClickTestingOfFormBuilderPage" time="87.589"/>
  <system-out/>
  <testcase classname="testcases.FsmTest" name="ValidateClickTestingOfFSMReportPage" time="41.382"/>
  <system-out/>
  <testcase classname="testcases.FsmTest" name="ValidateClickTestingOfManageMapConfigurationPage" time="48.775"/>
  <system-out/>
  <testcase classname="testcases.FsmTest" name="ValidateClickTestingOfMapExtentPage" time="38.937"/>
  <system-out/>
  <testcase classname="testcases.FsmTest" name="ValidateClickTestingOfRuleEnginePage" time="56.226"/>
  <system-out/>
  <testcase classname="testcases.FsmTest" name="ValidateClickTestingOfServiceAppointmentPage" time="80.879"/>
  <system-out/>
  <testcase classname="testcases.FsmTest" name="ValidateClickTestingOfServiceCrewPage" time="47.589"/>
  <system-out/>
  <testcase classname="testcases.FsmTest" name="ValidateClickTestingOfServiceResourcePage" time="136.870"/>
  <system-out/>
  <testcase classname="testcases.FsmTest" name="ValidateClickTestingOfServiceTerritoryePage" time="137.018"/>
  <system-out/>
  <testcase classname="testcases.FsmTest" name="ValidateClickTestingOfTechTrackingPage" time="37.374"/>
  <system-out/>
  <testcase classname="testcases.FsmTest" name="ValidateClickTestingOfTicketingPage" time="215.596"/>
  <system-out/>
  <testcase classname="testcases.FsmTest" name="ValidateClickTestingOfTransformPendingPage" time="79.388"/>
  <system-out/>
  <testcase classname="testcases.FsmTest" name="ValidateClickTestingOfunassignedTicketPage" time="123.655"/>
  <system-out/>
  <testcase classname="testcases.FsmTest" name="ValidateClickTestingOfWorkTypeListingPage" time="95.815"/>
  <system-out/>
  <testcase classname="testcases.FsmTest" name="ValidateClickTestingOfZoneManagementPage" time="68.161"/>
  <system-out/>
  <testcase classname="testcases.FsmTest" name="ValidateClickTestingOfDashBoardPage" time="46.975"/>
  <system-out/>
</testsuite> <!-- testcases.FsmTest -->
