<?xml version="1.0" encoding="UTF-8"?>
<!-- Generated by org.testng.reporters.JUnitReportReporter -->
<testsuite hostname="COG-WIN-MAC03" failures="0" tests="17" name="testcases.HRManagementTest" time="825.093" errors="0" timestamp="2022-11-09T13:40:06 IST" skipped="0">
  <testcase classname="testcases.HRManagementTest" name="ValidateClickTestingOfAttendancePage" time="18.267"/>
  <system-out/>
  <testcase classname="testcases.HRManagementTest" name="ValidateClickTestingOfAttendanceCardReportPage" time="36.964"/>
  <system-out/>
  <testcase classname="testcases.HRManagementTest" name="ValidateClickTestingOfAttendanceInOutReportPage" time="34.095"/>
  <system-out/>
  <testcase classname="testcases.HRManagementTest" name="ValidateClickTestingOfAttendanceApprovalPage" time="35.089"/>
  <system-out/>
  <testcase classname="testcases.HRManagementTest" name="ValidateClickTestingOfCheckInFlagListPage" time="35.305"/>
  <system-out/>
  <testcase classname="testcases.HRManagementTest" name="ValidateClickTestingOfDisputeApprovalPage" time="36.416"/>
  <system-out/>
  <testcase classname="testcases.HRManagementTest" name="ValidateClickTestingOfCheckInOutDisputePage" time="35.010"/>
  <system-out/>
  <testcase classname="testcases.HRManagementTest" name="ValidateClickTestingOfGroupListPage" time="48.488"/>
  <system-out/>
  <testcase classname="testcases.HRManagementTest" name="ValidateClickTestingOfHrReportPage" time="45.644"/>
  <system-out/>
  <testcase classname="testcases.HRManagementTest" name="ValidateClickTestingOfInductionDocumentListPage" time="63.793"/>
  <system-out/>
  <testcase classname="testcases.HRManagementTest" name="ValidateClickTestingOfLeavePage" time="83.852"/>
  <system-out/>
  <testcase classname="testcases.HRManagementTest" name="ValidateClickTestingOfLeaveApprovalPage" time="67.384"/>
  <system-out/>
  <testcase classname="testcases.HRManagementTest" name="ValidateClickTestingOfLeaveTypeListingPage" time="57.983"/>
  <system-out/>
  <testcase classname="testcases.HRManagementTest" name="ValidateClickTestingOfManageCheckInPage" time="48.344"/>
  <system-out/>
  <testcase classname="testcases.HRManagementTest" name="ValidateClickTestingOfOffboardEmployeeListPage" time="53.427"/>
  <system-out/>
  <testcase classname="testcases.HRManagementTest" name="ValidateClickTestingOfPolicyPage" time="58.937"/>
  <system-out/>
  <testcase classname="testcases.HRManagementTest" name="ValidateClickTestingOfResignationPage" time="66.095"/>
  <system-out/>
</testsuite> <!-- testcases.HRManagementTest -->
