<?xml version="1.0" encoding="UTF-8"?>
<!-- Generated by org.testng.reporters.JUnitReportReporter -->
<testsuite hostname="COG-WIN-MAC03" failures="0" tests="4" name="testcases.ApprovalTest" time="216.274" errors="0" timestamp="2022-11-09T13:40:06 IST" skipped="0">
  <testcase classname="testcases.ApprovalTest" name="ValidateClickTestingOfApprovalChainPage" time="43.836"/>
  <system-out/>
  <testcase classname="testcases.ApprovalTest" name="ValidateClickTestingOfApprovalGroupPage" time="63.300"/>
  <system-out/>
  <testcase classname="testcases.ApprovalTest" name="ValidateClickTestingOfApprovalReportPage" time="47.727"/>
  <system-out/>
  <testcase classname="testcases.ApprovalTest" name="ValidateClickTestingOfApprovalRulePage" time="61.411"/>
  <system-out/>
</testsuite> <!-- testcases.ApprovalTest -->
