<?xml version="1.0" encoding="UTF-8"?>
<!-- Generated by org.testng.reporters.JUnitReportReporter -->
<testsuite hostname="COG-WIN-MAC03" failures="0" tests="2" name="testcases.VendorTest" time="73.455" errors="0" timestamp="2022-11-09T13:40:06 IST" skipped="0">
  <testcase classname="testcases.VendorTest" name="ValidateClickTestingOfTrainingPage" time="19.417"/>
  <system-out/>
  <testcase classname="testcases.VendorTest" name="ValidateClickTestingOfVendorListingPage" time="54.038"/>
  <system-out/>
</testsuite> <!-- testcases.VendorTest -->
