<?xml version="1.0" encoding="UTF-8"?>
<!-- Generated by org.testng.reporters.JUnitReportReporter -->
<testsuite hostname="COG-WIN-MAC03" failures="0" tests="5" name="testcases.CommunicationTest" time="194.946" errors="0" timestamp="2022-11-09T13:40:06 IST" skipped="0">
  <testcase classname="testcases.CommunicationTest" name="ValidateClickTestingOfIVRPage" time="38.498"/>
  <system-out/>
  <testcase classname="testcases.CommunicationTest" name="ValidateClickTestingOfMeetingRecordingListPage" time="35.117"/>
  <system-out/>
  <testcase classname="testcases.CommunicationTest" name="ValidateClickTestingOfMeetingsPage" time="40.893"/>
  <system-out/>
  <testcase classname="testcases.CommunicationTest" name="ValidateClickTestingOfUnifiedSetupPage" time="42.979"/>
  <system-out/>
  <testcase classname="testcases.CommunicationTest" name="ValidateClickTestingOfVideoRecordingListPage" time="37.459"/>
  <system-out/>
</testsuite> <!-- testcases.CommunicationTest -->
