<?xml version="1.0" encoding="UTF-8"?>
<!-- Generated by org.testng.reporters.JUnitReportReporter -->
<testsuite hostname="COG-WIN-MAC03" failures="0" tests="20" name="testcases.CrmTest" time="1216.208" errors="0" timestamp="2022-12-09T18:22:48 IST" skipped="0">
  <testcase classname="testcases.CrmTest" name="ValidateClickTestingOfAccountsPage" time="40.203"/>
  <system-out/>
  <testcase classname="testcases.CrmTest" name="ValidateClickTestingOfBrandPage" time="51.026"/>
  <system-out/>
  <testcase classname="testcases.CrmTest" name="ValidateClickTestingOfCampaignPage" time="60.599"/>
  <system-out/>
  <testcase classname="testcases.CrmTest" name="ValidateClickTestingOfCommunicationPage" time="59.289"/>
  <system-out/>
  <testcase classname="testcases.CrmTest" name="ValidateClickTestingOfContactsPage" time="72.981"/>
  <system-out/>
  <testcase classname="testcases.CrmTest" name="ValidateClickTestingOfContractsPage" time="58.095"/>
  <system-out/>
  <testcase classname="testcases.CrmTest" name="ValidateClickTestingOfCRMReportPage" time="36.784"/>
  <system-out/>
  <testcase classname="testcases.CrmTest" name="ValidateClickTestingOfDEalsPage" time="58.815"/>
  <system-out/>
  <testcase classname="testcases.CrmTest" name="ValidateClickTestingOfgoodsInwardPage" time="50.404"/>
  <system-out/>
  <testcase classname="testcases.CrmTest" name="ValidateClickTestingOfInvoicePage" time="50.347"/>
  <system-out/>
  <testcase classname="testcases.CrmTest" name="ValidateClickTestingOfProductTypePage" time="62.238"/>
  <system-out/>
  <testcase classname="testcases.CrmTest" name="ValidateClickTestingOfLeadPage" time="61.924"/>
  <system-out/>
  <testcase classname="testcases.CrmTest" name="ValidateClickTestingOfManageProductPage" time="103.010"/>
  <system-out/>
  <testcase classname="testcases.CrmTest" name="ValidateClickTestingOfPriceBookPage" time="62.903"/>
  <system-out/>
  <testcase classname="testcases.CrmTest" name="ValidateClickTestingOfProductPage" time="57.262"/>
  <system-out/>
  <testcase classname="testcases.CrmTest" name="ValidateClickTestingOfPurchaseOrderPage" time="70.550"/>
  <system-out/>
  <testcase classname="testcases.CrmTest" name="ValidateClickTestingOfQuotePage" time="64.646"/>
  <system-out/>
  <testcase classname="testcases.CrmTest" name="ValidateClickTestingOfSalesOrderPage" time="68.101"/>
  <system-out/>
  <testcase classname="testcases.CrmTest" name="ValidateClickTestingOfStagesPage" time="63.799"/>
  <system-out/>
  <testcase classname="testcases.CrmTest" name="ValidateClickTestingOfVendorPage" time="63.232"/>
  <system-out/>
</testsuite> <!-- testcases.CrmTest -->
