<?xml version="1.0" encoding="UTF-8"?>
<!-- Generated by org.testng.reporters.JUnitReportReporter -->
<testsuite hostname="COG-WIN-MAC03" failures="0" tests="7" name="testcases.ExpenseTest" time="396.720" errors="0" timestamp="2023-06-29T05:36:22 IST" skipped="0">
  <testcase classname="testcases.ExpenseTest" name="ValidateClickTestingOfAddExpensePage" time="37.407"/>
  <system-out/>
  <testcase classname="testcases.ExpenseTest" name="ValidateClickTestingOfBulkUploadExpensePage" time="39.711"/>
  <system-out/>
  <testcase classname="testcases.ExpenseTest" name="ValidateClickTestingOfExpenseApprovalPage" time="63.416"/>
  <system-out/>
  <testcase classname="testcases.ExpenseTest" name="ValidateClickTestingOfExpenseReportsPage" time="44.746"/>
  <system-out/>
  <testcase classname="testcases.ExpenseTest" name="ValidateClickTestingOfExpensesPage" time="74.157"/>
  <system-out/>
  <testcase classname="testcases.ExpenseTest" name="ValidateClickTestingOfProjectPage" time="81.728"/>
  <system-out/>
  <testcase classname="testcases.ExpenseTest" name="ValidateClickTestingOfExpenseDashBoardPage" time="55.555"/>
  <system-out/>
</testsuite> <!-- testcases.ExpenseTest -->
