<?xml version="1.0" encoding="UTF-8"?>
<!-- Generated by org.testng.reporters.JUnitReportReporter -->
<testsuite hostname="COG-WIN-MAC03" failures="0" tests="6" name="testcases.EventManagementTest" time="311.588" errors="0" timestamp="2023-06-29T05:36:22 IST" skipped="0">
  <testcase classname="testcases.EventManagementTest" name="ValidateClickTestingOfCalendarPage" time="29.546"/>
  <system-out/>
  <testcase classname="testcases.EventManagementTest" name="ValidateClickTestingOfGoogleCalendarPage" time="54.292"/>
  <system-out/>
  <testcase classname="testcases.EventManagementTest" name="ValidateClickTestingOfEventManagementPage" time="78.365"/>
  <system-out/>
  <testcase classname="testcases.EventManagementTest" name="ValidateClickTestingOfManageVenuePage" time="44.011"/>
  <system-out/>
  <testcase classname="testcases.EventManagementTest" name="ValidateClickTestingOfUserAvailabilityPage" time="53.324"/>
  <system-out/>
  <testcase classname="testcases.EventManagementTest" name="ValidateClickTestingOfDashBoardPage" time="52.050"/>
  <system-out/>
</testsuite> <!-- testcases.EventManagementTest -->
