<?xml version="1.0" encoding="UTF-8"?>
<!-- Generated by org.testng.reporters.JUnitReportReporter -->
<testsuite hostname="COG-WIN-MAC03" failures="0" tests="8" name="testcases.AppotmentCalendarTest" time="415.048" errors="0" timestamp="2022-11-09T13:40:06 IST" skipped="0">
  <testcase classname="testcases.AppotmentCalendarTest" name="ValidateClickTestingOfManageExternalLinkPage" time="31.349"/>
  <system-out/>
  <testcase classname="testcases.AppotmentCalendarTest" name="ValidateClickTestingOfAppoitmentReportPage" time="47.762"/>
  <system-out/>
  <testcase classname="testcases.AppotmentCalendarTest" name="ValidateClickTestingOfConsumerListPage" time="42.010"/>
  <system-out/>
  <testcase classname="testcases.AppotmentCalendarTest" name="ValidateClickTestingOfCounterPage" time="70.604"/>
  <system-out/>
  <testcase classname="testcases.AppotmentCalendarTest" name="ValidateClickTestingOfCoursePage" time="51.688"/>
  <system-out/>
  <testcase classname="testcases.AppotmentCalendarTest" name="ValidateClickTestingOfScheduleAppointmentPage" time="34.623"/>
  <system-out/>
  <testcase classname="testcases.AppotmentCalendarTest" name="ValidateClickTestingOfAppoitmentServicePage" time="71.745"/>
  <system-out/>
  <testcase classname="testcases.AppotmentCalendarTest" name="ValidateClickTestingOfTokenPage" time="65.267"/>
  <system-out/>
</testsuite> <!-- testcases.AppotmentCalendarTest -->
