<?xml version="1.0" encoding="UTF-8"?>
<!-- Generated by org.testng.reporters.JUnitReportReporter -->
<testsuite hostname="COG-WIN-MAC03" failures="0" tests="19" name="testcases.FsmTest" time="1134.071" errors="0" timestamp="2022-11-09T13:40:06 IST" skipped="0">
  <testcase classname="testcases.FsmTest" name="ValidateClickTestingOfAddTicketPage" time="57.291"/>
  <system-out/>
  <testcase classname="testcases.FsmTest" name="ValidateClickTestingOfCallCenterSyncStatusPage" time="35.165"/>
  <system-out/>
  <testcase classname="testcases.FsmTest" name="ValidateClickTestingOfFieldServiceTicketPage" time="96.002"/>
  <system-out/>
  <testcase classname="testcases.FsmTest" name="ValidateClickTestingOfFormBuilderPage" time="52.211"/>
  <system-out/>
  <testcase classname="testcases.FsmTest" name="ValidateClickTestingOfFSMReportPage" time="39.710"/>
  <system-out/>
  <testcase classname="testcases.FsmTest" name="ValidateClickTestingOfManageMapConfigurationPage" time="50.431"/>
  <system-out/>
  <testcase classname="testcases.FsmTest" name="ValidateClickTestingOfMapExtentPage" time="41.384"/>
  <system-out/>
  <testcase classname="testcases.FsmTest" name="ValidateClickTestingOfRuleEnginePage" time="69.304"/>
  <system-out/>
  <testcase classname="testcases.FsmTest" name="ValidateClickTestingOfServiceAppointmentPage" time="79.231"/>
  <system-out/>
  <testcase classname="testcases.FsmTest" name="ValidateClickTestingOfServiceCrewPage" time="49.271"/>
  <system-out/>
  <testcase classname="testcases.FsmTest" name="ValidateClickTestingOfServiceResourcePage" time="48.798"/>
  <system-out/>
  <testcase classname="testcases.FsmTest" name="ValidateClickTestingOfServiceTerritoryePage" time="48.506"/>
  <system-out/>
  <testcase classname="testcases.FsmTest" name="ValidateClickTestingOfTechTrackingPage" time="38.935"/>
  <system-out/>
  <testcase classname="testcases.FsmTest" name="ValidateClickTestingOfTicketingPage" time="120.132"/>
  <system-out/>
  <testcase classname="testcases.FsmTest" name="ValidateClickTestingOfTransformPendingPage" time="35.851"/>
  <system-out/>
  <testcase classname="testcases.FsmTest" name="ValidateClickTestingOfunassignedTicketPage" time="101.116"/>
  <system-out/>
  <testcase classname="testcases.FsmTest" name="ValidateClickTestingOfWorkTypeListingPage" time="50.418"/>
  <system-out/>
  <testcase classname="testcases.FsmTest" name="ValidateClickTestingOfZoneManagementPage" time="65.828"/>
  <system-out/>
  <testcase classname="testcases.FsmTest" name="ValidateClickTestingOfDashBoardPage" time="54.487"/>
  <system-out/>
</testsuite> <!-- testcases.FsmTest -->
