<?xml version="1.0" encoding="UTF-8"?>
<!-- Generated by org.testng.reporters.JUnitReportReporter -->
<testsuite hostname="COG-WIN-MAC03" failures="0" tests="2" name="testcases.TrainingTest" time="113.600" errors="0" timestamp="2022-11-09T13:40:06 IST" skipped="0">
  <testcase classname="testcases.TrainingTest" name="ValidateClickTestingOfTrainingPage" time="57.833"/>
  <system-out/>
  <testcase classname="testcases.TrainingTest" name="ValidateClickTestingOfTrainingReportPage" time="55.767"/>
  <system-out/>
</testsuite> <!-- testcases.TrainingTest -->
