<?xml version="1.0" encoding="UTF-8"?>
<!-- Generated by org.testng.reporters.JUnitReportReporter -->
<testsuite hostname="COG-WIN-MAC03" failures="0" tests="3" name="testcases.INTEGRATIONSTest" time="165.690" errors="0" timestamp="2022-12-12T11:53:26 IST" skipped="0">
  <testcase classname="testcases.INTEGRATIONSTest" name="ValidateClickTestingOfGPSTrackingPage" time="34.486"/>
  <system-out/>
  <testcase classname="testcases.INTEGRATIONSTest" name="ValidateClickTestingOfTwilioPage" time="52.815"/>
  <system-out/>
  <testcase classname="testcases.INTEGRATIONSTest" name="ValidateClickTestingOfConnectorPage" time="78.389"/>
  <system-out/>
</testsuite> <!-- testcases.INTEGRATIONSTest -->
