<?xml version="1.0" encoding="UTF-8"?>
<!-- Generated by org.testng.reporters.JUnitReportReporter -->
<testsuite hostname="COG-WIN-MAC03" failures="0" tests="8" name="testcases.AppotmentCalendarTest" time="384.369" errors="0" timestamp="2022-12-09T17:15:11 IST" skipped="0">
  <testcase classname="testcases.AppotmentCalendarTest" name="ValidateClickTestingOfManageExternalLinkPage" time="38.091"/>
  <system-out/>
  <testcase classname="testcases.AppotmentCalendarTest" name="ValidateClickTestingOfAppoitmentReportPage" time="50.284"/>
  <system-out/>
  <testcase classname="testcases.AppotmentCalendarTest" name="ValidateClickTestingOfConsumerListPage" time="44.581"/>
  <system-out/>
  <testcase classname="testcases.AppotmentCalendarTest" name="ValidateClickTestingOfCounterPage" time="60.442"/>
  <system-out/>
  <testcase classname="testcases.AppotmentCalendarTest" name="ValidateClickTestingOfCoursePage" time="41.262"/>
  <system-out/>
  <testcase classname="testcases.AppotmentCalendarTest" name="ValidateClickTestingOfScheduleAppointmentPage" time="34.518"/>
  <system-out/>
  <testcase classname="testcases.AppotmentCalendarTest" name="ValidateClickTestingOfAppoitmentServicePage" time="51.913"/>
  <system-out/>
  <testcase classname="testcases.AppotmentCalendarTest" name="ValidateClickTestingOfTokenPage" time="63.278"/>
  <system-out/>
</testsuite> <!-- testcases.AppotmentCalendarTest -->
