<?xml version="1.0" encoding="UTF-8"?>
<!-- Generated by org.testng.reporters.JUnitReportReporter -->
<testsuite hostname="COG-WIN-MAC03" failures="0" tests="4" name="testcases.ApprovalTest" time="220.673" errors="0" timestamp="2022-12-09T17:19:36 IST" skipped="0">
  <testcase classname="testcases.ApprovalTest" name="ValidateClickTestingOfApprovalChainPage" time="45.184"/>
  <system-out/>
  <testcase classname="testcases.ApprovalTest" name="ValidateClickTestingOfApprovalGroupPage" time="62.478"/>
  <system-out/>
  <testcase classname="testcases.ApprovalTest" name="ValidateClickTestingOfApprovalReportPage" time="48.405"/>
  <system-out/>
  <testcase classname="testcases.ApprovalTest" name="ValidateClickTestingOfApprovalRulePage" time="64.606"/>
  <system-out/>
</testsuite> <!-- testcases.ApprovalTest -->
