<?xml version="1.0" encoding="UTF-8"?>
<!-- Generated by org.testng.reporters.JUnitReportReporter -->
<testsuite hostname="COG-WIN-MAC03" failures="0" tests="14" name="testcases.GeneralTest" time="670.980" errors="0" timestamp="2022-12-12T11:06:13 IST" skipped="0">
  <testcase classname="testcases.GeneralTest" name="ValidateClickTestingOfAddReportPage" time="35.635"/>
  <system-out/>
  <testcase classname="testcases.GeneralTest" name="ValidateClickTestingOfAutoResponderPage" time="49.937"/>
  <system-out/>
  <testcase classname="testcases.GeneralTest" name="ValidateClickTestingOfCustomFieldsPage" time="53.791"/>
  <system-out/>
  <testcase classname="testcases.GeneralTest" name="ValidateClickTestingOfCustomReportsPage" time="49.097"/>
  <system-out/>
  <testcase classname="testcases.GeneralTest" name="ValidateClickTestingOfExternalLinkPage" time="37.430"/>
  <system-out/>
  <testcase classname="testcases.GeneralTest" name="ValidateClickTestingOfPassportInformationPage" time="47.362"/>
  <system-out/>
  <testcase classname="testcases.GeneralTest" name="ValidateClickTestingOfManageLayoutPage" time="34.537"/>
  <system-out/>
  <testcase classname="testcases.GeneralTest" name="ValidateClickTestingOfOrganizationChartPage" time="41.610"/>
  <system-out/>
  <testcase classname="testcases.GeneralTest" name="ValidateClickTestingOfProvisionalRightsPage" time="110.802"/>
  <system-out/>
  <testcase classname="testcases.GeneralTest" name="ValidateClickTestingOfRuleEnginePage" time="53.699"/>
  <system-out/>
  <testcase classname="testcases.GeneralTest" name="ValidateClickTestingOfStoragePage" time="34.676"/>
  <system-out/>
  <testcase classname="testcases.GeneralTest" name="ValidateClickTestingOfTagsPage" time="36.799"/>
  <system-out/>
  <testcase classname="testcases.GeneralTest" name="ValidateClickTestingOfWorkingDayPage" time="50.641"/>
  <system-out/>
  <testcase classname="testcases.GeneralTest" name="ValidateClickTestingOfWorkingWeekPage" time="34.964"/>
  <system-out/>
</testsuite> <!-- testcases.GeneralTest -->
