<?xml version="1.0" encoding="UTF-8"?>
<!-- Generated by org.testng.reporters.JUnitReportReporter -->
<testsuite hostname="COG-WIN-MAC03" failures="0" tests="2" name="testcases.DisplayScreenTest" time="103.295" errors="0" timestamp="2022-12-09T18:25:23 IST" skipped="0">
  <testcase classname="testcases.DisplayScreenTest" name="ValidateClickTestingOfCounterPage" time="38.604"/>
  <system-out/>
  <testcase classname="testcases.DisplayScreenTest" name="ValidateClickTestingOfTokenPage" time="64.691"/>
  <system-out/>
</testsuite> <!-- testcases.DisplayScreenTest -->
