<?xml version="1.0" encoding="UTF-8"?>
<!-- Generated by org.testng.reporters.JUnitReportReporter -->
<testsuite hostname="COG-WIN-MAC03" failures="0" tests="9" name="testcases.TimeTrackingTest" time="427.813" errors="0" timestamp="2022-12-12T12:52:19 IST" skipped="0">
  <testcase classname="testcases.TimeTrackingTest" name="ValidateClickTestingOfAuditRulePage" time="44.484"/>
  <system-out/>
  <testcase classname="testcases.TimeTrackingTest" name="ValidateClickTestingOfBulkTimeEntryPage" time="40.340"/>
  <system-out/>
  <testcase classname="testcases.TimeTrackingTest" name="ValidateClickTestingOfFlagTrackEntryPage" time="41.839"/>
  <system-out/>
  <testcase classname="testcases.TimeTrackingTest" name="ValidateClickTestingOfProjectReportPage" time="46.974"/>
  <system-out/>
  <testcase classname="testcases.TimeTrackingTest" name="ValidateClickTestingOfTimeReportPage" time="48.918"/>
  <system-out/>
  <testcase classname="testcases.TimeTrackingTest" name="ValidateClickTestingOfTimeApprovalPage" time="51.332"/>
  <system-out/>
  <testcase classname="testcases.TimeTrackingTest" name="ValidateClickTestingOfTimeSheetPage" time="34.759"/>
  <system-out/>
  <testcase classname="testcases.TimeTrackingTest" name="ValidateClickTestingOfTimeTrackPage" time="66.711"/>
  <system-out/>
  <testcase classname="testcases.TimeTrackingTest" name="ValidateClickTestingOfWorkDiaryPage" time="52.456"/>
  <system-out/>
</testsuite> <!-- testcases.TimeTrackingTest -->
