<?xml version="1.0" encoding="UTF-8"?>
<!-- Generated by org.testng.reporters.JUnitReportReporter -->
<testsuite hostname="COG-WIN-MAC03" failures="0" tests="13" name="testcases.BillingTest" time="741.199" errors="0" timestamp="2023-06-29T05:36:22 IST" skipped="0">
  <testcase classname="testcases.BillingTest" name="ValidateClickTestingOfAutomateFlagProcessingPage" time="41.410"/>
  <system-out/>
  <testcase classname="testcases.BillingTest" name="ValidateClickTestingOfBillingRulePage" time="116.126"/>
  <system-out/>
  <testcase classname="testcases.BillingTest" name="ValidateClickTestingOfBillingServicePage" time="56.804"/>
  <system-out/>
  <testcase classname="testcases.BillingTest" name="ValidateClickTestingOfBillingSetupPage" time="57.733"/>
  <system-out/>
  <testcase classname="testcases.BillingTest" name="ValidateClickTestingOfFlagRecordsPage" time="66.539"/>
  <system-out/>
  <testcase classname="testcases.BillingTest" name="ValidateClickTestingOfClientReportPage" time="51.905"/>
  <system-out/>
  <testcase classname="testcases.BillingTest" name="ValidateClickTestingOfAddInvoicePage" time="44.349"/>
  <system-out/>
  <testcase classname="testcases.BillingTest" name="ValidateClickTestingOfImportInvoicePage" time="49.309"/>
  <system-out/>
  <testcase classname="testcases.BillingTest" name="ValidateClickTestingOfInvoicePage" time="70.940"/>
  <system-out/>
  <testcase classname="testcases.BillingTest" name="ValidateClickTestingOfInvoiceReportPage" time="49.153"/>
  <system-out/>
  <testcase classname="testcases.BillingTest" name="ValidateClickTestingOfProcessAndReprocessChargesPage" time="40.196"/>
  <system-out/>
  <testcase classname="testcases.BillingTest" name="ValidateClickTestingOfViewHistoryPage" time="59.678"/>
  <system-out/>
  <testcase classname="testcases.BillingTest" name="ValidateClickTestingOfReceivedInvoicePage" time="37.057"/>
  <system-out/>
</testsuite> <!-- testcases.BillingTest -->
