<?xml version="1.0" encoding="UTF-8"?>
<!-- Generated by org.testng.reporters.JUnitReportReporter -->
<testsuite hostname="COG-WIN-MAC03" failures="0" tests="6" name="testcases.EventManagementTest" time="279.726" errors="0" timestamp="2022-11-09T13:40:06 IST" skipped="0">
  <testcase classname="testcases.EventManagementTest" name="ValidateClickTestingOfCalendarPage" time="23.405"/>
  <system-out/>
  <testcase classname="testcases.EventManagementTest" name="ValidateClickTestingOfGoogleCalendarPage" time="48.368"/>
  <system-out/>
  <testcase classname="testcases.EventManagementTest" name="ValidateClickTestingOfEventManagementPage" time="65.405"/>
  <system-out/>
  <testcase classname="testcases.EventManagementTest" name="ValidateClickTestingOfManageVenuePage" time="45.456"/>
  <system-out/>
  <testcase classname="testcases.EventManagementTest" name="ValidateClickTestingOfDashBoardPage" time="46.432"/>
  <system-out/>
  <testcase classname="testcases.EventManagementTest" name="ValidateClickTestingOfUserAvailabilityPage" time="50.660"/>
  <system-out/>
</testsuite> <!-- testcases.EventManagementTest -->
