<?xml version="1.0" encoding="UTF-8"?>
<!-- Generated by org.testng.reporters.JUnitReportReporter -->
<testsuite hostname="COG-WIN-MAC03" failures="0" tests="10" name="testcases.ProjectManagementTest" time="632.294" errors="0" timestamp="2023-06-29T05:36:22 IST" skipped="0">
  <testcase classname="testcases.ProjectManagementTest" name="ValidateClickTestingOfGlobalTaskPage" time="59.512"/>
  <system-out/>
  <testcase classname="testcases.ProjectManagementTest" name="ValidateClickTestingOfProjectPage" time="115.802"/>
  <system-out/>
  <testcase classname="testcases.ProjectManagementTest" name="ValidateClickTestingOfProjectReportPage" time="53.417"/>
  <system-out/>
  <testcase classname="testcases.ProjectManagementTest" name="ValidateClickTestingOfProjectRequestPage" time="64.076"/>
  <system-out/>
  <testcase classname="testcases.ProjectManagementTest" name="ValidateClickTestingOfQuotesPage" time="56.598"/>
  <system-out/>
  <testcase classname="testcases.ProjectManagementTest" name="ValidateClickTestingOfRequestedTimeListPage" time="37.776"/>
  <system-out/>
  <testcase classname="testcases.ProjectManagementTest" name="ValidateClickTestingOfResourceImpactPage" time="51.299"/>
  <system-out/>
  <testcase classname="testcases.ProjectManagementTest" name="ValidateClickTestingOfResourceSchedulingPage" time="52.573"/>
  <system-out/>
  <testcase classname="testcases.ProjectManagementTest" name="ValidateClickTestingOfTaskPage" time="47.442"/>
  <system-out/>
  <testcase classname="testcases.ProjectManagementTest" name="ValidateClickTestingOfToDoListPage" time="93.799"/>
  <system-out/>
</testsuite> <!-- testcases.ProjectManagementTest -->
