<?xml version="1.0" encoding="UTF-8"?>
<!-- Generated by org.testng.reporters.JUnitReportReporter -->
<testsuite hostname="COG-WIN-MAC03" failures="0" tests="9" name="testcases.TimeTrackingTest" time="419.476" errors="0" timestamp="2022-11-09T13:40:06 IST" skipped="0">
  <testcase classname="testcases.TimeTrackingTest" name="ValidateClickTestingOfAuditRulePage" time="44.308"/>
  <system-out/>
  <testcase classname="testcases.TimeTrackingTest" name="ValidateClickTestingOfBulkTimeEntryPage" time="42.779"/>
  <system-out/>
  <testcase classname="testcases.TimeTrackingTest" name="ValidateClickTestingOfFlagTrackEntryPage" time="39.941"/>
  <system-out/>
  <testcase classname="testcases.TimeTrackingTest" name="ValidateClickTestingOfProjectReportPage" time="46.064"/>
  <system-out/>
  <testcase classname="testcases.TimeTrackingTest" name="ValidateClickTestingOfTimeReportPage" time="44.472"/>
  <system-out/>
  <testcase classname="testcases.TimeTrackingTest" name="ValidateClickTestingOfTimeApprovalPage" time="52.414"/>
  <system-out/>
  <testcase classname="testcases.TimeTrackingTest" name="ValidateClickTestingOfTimeSheetPage" time="35.163"/>
  <system-out/>
  <testcase classname="testcases.TimeTrackingTest" name="ValidateClickTestingOfTimeTrackPage" time="64.461"/>
  <system-out/>
  <testcase classname="testcases.TimeTrackingTest" name="ValidateClickTestingOfWorkDiaryPage" time="49.874"/>
  <system-out/>
</testsuite> <!-- testcases.TimeTrackingTest -->
