<?xml version="1.0" encoding="UTF-8"?>
<!-- Generated by org.testng.reporters.JUnitReportReporter -->
<testsuite hostname="COG-WIN-MAC03" failures="0" tests="7" name="testcases.ExpenseTest" time="369.899" errors="0" timestamp="2022-12-12T10:26:40 IST" skipped="0">
  <testcase classname="testcases.ExpenseTest" name="ValidateClickTestingOfAddExpensePage" time="42.005"/>
  <system-out/>
  <testcase classname="testcases.ExpenseTest" name="ValidateClickTestingOfBulkUploadExpensePage" time="40.096"/>
  <system-out/>
  <testcase classname="testcases.ExpenseTest" name="ValidateClickTestingOfExpenseApprovalPage" time="47.183"/>
  <system-out/>
  <testcase classname="testcases.ExpenseTest" name="ValidateClickTestingOfExpenseReportsPage" time="42.219"/>
  <system-out/>
  <testcase classname="testcases.ExpenseTest" name="ValidateClickTestingOfExpensesPage" time="66.184"/>
  <system-out/>
  <testcase classname="testcases.ExpenseTest" name="ValidateClickTestingOfProjectPage" time="81.047"/>
  <system-out/>
  <testcase classname="testcases.ExpenseTest" name="ValidateClickTestingOfExpenseDashBoardPage" time="51.165"/>
  <system-out/>
</testsuite> <!-- testcases.ExpenseTest -->
