<?xml version="1.0" encoding="UTF-8"?>
<!-- Generated by org.testng.reporters.JUnitReportReporter -->
<testsuite hostname="COG-WIN-MAC03" failures="0" tests="14" name="testcases.GeneralTest" time="745.571" errors="0" timestamp="2023-06-29T05:36:22 IST" skipped="0">
  <testcase classname="testcases.GeneralTest" name="ValidateClickTestingOfAddReportPage" time="38.436"/>
  <system-out/>
  <testcase classname="testcases.GeneralTest" name="ValidateClickTestingOfAutoResponderPage" time="55.120"/>
  <system-out/>
  <testcase classname="testcases.GeneralTest" name="ValidateClickTestingOfCustomFieldsPage" time="58.539"/>
  <system-out/>
  <testcase classname="testcases.GeneralTest" name="ValidateClickTestingOfCustomReportsPage" time="58.994"/>
  <system-out/>
  <testcase classname="testcases.GeneralTest" name="ValidateClickTestingOfExternalLinkPage" time="36.024"/>
  <system-out/>
  <testcase classname="testcases.GeneralTest" name="ValidateClickTestingOfPassportInformationPage" time="52.657"/>
  <system-out/>
  <testcase classname="testcases.GeneralTest" name="ValidateClickTestingOfManageLayoutPage" time="43.082"/>
  <system-out/>
  <testcase classname="testcases.GeneralTest" name="ValidateClickTestingOfOrganizationChartPage" time="40.354"/>
  <system-out/>
  <testcase classname="testcases.GeneralTest" name="ValidateClickTestingOfProvisionalRightsPage" time="121.912"/>
  <system-out/>
  <testcase classname="testcases.GeneralTest" name="ValidateClickTestingOfRuleEnginePage" time="59.591"/>
  <system-out/>
  <testcase classname="testcases.GeneralTest" name="ValidateClickTestingOfStoragePage" time="38.680"/>
  <system-out/>
  <testcase classname="testcases.GeneralTest" name="ValidateClickTestingOfTagsPage" time="42.852"/>
  <system-out/>
  <testcase classname="testcases.GeneralTest" name="ValidateClickTestingOfWorkingDayPage" time="53.227"/>
  <system-out/>
  <testcase classname="testcases.GeneralTest" name="ValidateClickTestingOfWorkingWeekPage" time="46.103"/>
  <system-out/>
</testsuite> <!-- testcases.GeneralTest -->
