<?xml version="1.0" encoding="UTF-8"?>
<!-- Generated by org.testng.reporters.JUnitReportReporter -->
<testsuite hostname="COG-WIN-MAC03" failures="0" tests="12" name="testcases.HiringTest" time="667.169" errors="0" timestamp="2022-12-12T14:29:48 IST" skipped="0">
  <testcase classname="testcases.HiringTest" name="ValidateClickTestingOfCandidateListPage" time="64.981"/>
  <system-out/>
  <testcase classname="testcases.HiringTest" name="ValidateClickTestingOfConsultantListListPage" time="61.818"/>
  <system-out/>
  <testcase classname="testcases.HiringTest" name="ValidateClickTestingOfGroupListListPage" time="55.993"/>
  <system-out/>
  <testcase classname="testcases.HiringTest" name="ValidateClickTestingOfjobListListPage" time="81.082"/>
  <system-out/>
  <testcase classname="testcases.HiringTest" name="ValidateClickTestingOfjobPostReportPage" time="35.480"/>
  <system-out/>
  <testcase classname="testcases.HiringTest" name="ValidateClickTestingOfJobRequisitionPage" time="47.770"/>
  <system-out/>
  <testcase classname="testcases.HiringTest" name="ValidateClickTestingOfOffboardEmployeeListPage" time="52.900"/>
  <system-out/>
  <testcase classname="testcases.HiringTest" name="ValidateClickTestingOfPolicyPage" time="57.309"/>
  <system-out/>
  <testcase classname="testcases.HiringTest" name="ValidateClickTestingOfResignationPage" time="63.229"/>
  <system-out/>
  <testcase classname="testcases.HiringTest" name="ValidateClickTestingOfSertvicePage" time="34.335"/>
  <system-out/>
  <testcase classname="testcases.HiringTest" name="ValidateClickTestingOfTalentPoolListPage" time="59.483"/>
  <system-out/>
  <testcase classname="testcases.HiringTest" name="ValidateClickTestingOfVendorListingPage" time="52.789"/>
  <system-out/>
</testsuite> <!-- testcases.HiringTest -->
