<?xml version="1.0" encoding="UTF-8"?>
<!-- Generated by org.testng.reporters.JUnitReportReporter -->
<testsuite hostname="COG-WIN-MAC03" failures="0" tests="4" name="testcases.MSPModuleTest" time="213.629" errors="0" timestamp="2022-11-09T13:40:06 IST" skipped="0">
  <testcase classname="testcases.MSPModuleTest" name="ValidateClickTestingOfAddPackagesPage" time="31.869"/>
  <system-out/>
  <testcase classname="testcases.MSPModuleTest" name="ValidateClickTestingOfAddSubscriptionPage" time="71.068"/>
  <system-out/>
  <testcase classname="testcases.MSPModuleTest" name="ValidateClickTestingOfManagePackagesPage" time="52.602"/>
  <system-out/>
  <testcase classname="testcases.MSPModuleTest" name="ValidateClickTestingOfManageSubscriptionPage" time="58.090"/>
  <system-out/>
</testsuite> <!-- testcases.MSPModuleTest -->
