<?xml version="1.0" encoding="UTF-8"?>
<!-- Generated by org.testng.reporters.JUnitReportReporter -->
<testsuite hostname="COG-WIN-MAC03" failures="1" tests="20" name="testcases.CrmTest" time="1412.043" errors="0" timestamp="2022-11-09T13:40:06 IST" skipped="0">
  <testcase classname="testcases.CrmTest" name="ValidateClickTestingOfAccountsPage" time="50.001"/>
  <system-out/>
  <testcase classname="testcases.CrmTest" name="ValidateClickTestingOfBrandPage" time="52.079"/>
  <system-out/>
  <testcase classname="testcases.CrmTest" name="ValidateClickTestingOfCampaignPage" time="58.213"/>
  <system-out/>
  <testcase classname="testcases.CrmTest" name="ValidateClickTestingOfCommunicationPage" time="56.171"/>
  <system-out/>
  <testcase classname="testcases.CrmTest" name="ValidateClickTestingOfContactsPage" time="69.620"/>
  <system-out/>
  <testcase classname="testcases.CrmTest" name="ValidateClickTestingOfContractsPage" time="58.811"/>
  <system-out/>
  <testcase classname="testcases.CrmTest" name="ValidateClickTestingOfCRMReportPage" time="35.526"/>
  <system-out/>
  <testcase classname="testcases.CrmTest" name="ValidateClickTestingOfDEalsPage" time="68.480"/>
  <system-out/>
  <testcase classname="testcases.CrmTest" name="ValidateClickTestingOfgoodsInwardPage" time="61.941"/>
  <system-out/>
  <testcase classname="testcases.CrmTest" name="ValidateClickTestingOfInvoicePage" time="104.137">
    <failure message="Manage view -  element not present" type="java.lang.AssertionError">
      <![CDATA[java.lang.AssertionError: Manage view -  element not present
at org.testng.Assert.fail(Assert.java:99)
at utils.WebBasePage.click(WebBasePage.java:126)
at pageobjects.CrmPage.clickOnManageView(CrmPage.java:223)
at action.CrmAction.GoToInvoicePage(CrmAction.java:131)
at testcases.CrmTest.ValidateClickTestingOfInvoicePage(CrmTest.java:141)
at java.base/jdk.internal.reflect.NativeMethodAccessorImpl.invoke0(Native Method)
at java.base/jdk.internal.reflect.NativeMethodAccessorImpl.invoke(NativeMethodAccessorImpl.java:77)
at java.base/jdk.internal.reflect.DelegatingMethodAccessorImpl.invoke(DelegatingMethodAccessorImpl.java:43)
at java.base/java.lang.reflect.Method.invoke(Method.java:568)
at org.testng.internal.MethodInvocationHelper.invokeMethod(MethodInvocationHelper.java:133)
at org.testng.internal.TestInvoker.invokeMethod(TestInvoker.java:598)
at org.testng.internal.TestInvoker.invokeTestMethod(TestInvoker.java:173)
at org.testng.internal.MethodRunner.runInSequence(MethodRunner.java:46)
at org.testng.internal.TestInvoker$MethodInvocationAgent.invoke(TestInvoker.java:824)
at org.testng.internal.TestInvoker.invokeTestMethods(TestInvoker.java:146)
at org.testng.internal.TestMethodWorker.invokeTestMethods(TestMethodWorker.java:146)
at org.testng.internal.TestMethodWorker.run(TestMethodWorker.java:128)
at java.base/java.util.ArrayList.forEach(ArrayList.java:1511)
at org.testng.TestRunner.privateRun(TestRunner.java:794)
at org.testng.TestRunner.run(TestRunner.java:596)
at org.testng.SuiteRunner.runTest(SuiteRunner.java:377)
at org.testng.SuiteRunner.runSequentially(SuiteRunner.java:371)
at org.testng.SuiteRunner.privateRun(SuiteRunner.java:332)
at org.testng.SuiteRunner.run(SuiteRunner.java:276)
at org.testng.SuiteRunnerWorker.runSuite(SuiteRunnerWorker.java:53)
at org.testng.SuiteRunnerWorker.run(SuiteRunnerWorker.java:96)
at org.testng.TestNG.runSuitesSequentially(TestNG.java:1212)
at org.testng.TestNG.runSuitesLocally(TestNG.java:1134)
at org.testng.TestNG.runSuites(TestNG.java:1063)
at org.testng.TestNG.run(TestNG.java:1031)
at org.testng.remote.AbstractRemoteTestNG.run(AbstractRemoteTestNG.java:115)
at org.testng.remote.RemoteTestNG.initAndRun(RemoteTestNG.java:251)
at org.testng.remote.RemoteTestNG.main(RemoteTestNG.java:77)
]]>
    </failure>
  </testcase> <!-- ValidateClickTestingOfInvoicePage -->
  <system-out/>
  <testcase classname="testcases.CrmTest" name="ValidateClickTestingOfProductTypePage" time="60.108"/>
  <system-out/>
  <testcase classname="testcases.CrmTest" name="ValidateClickTestingOfLeadPage" time="77.755"/>
  <system-out/>
  <testcase classname="testcases.CrmTest" name="ValidateClickTestingOfManageProductPage" time="105.823"/>
  <system-out/>
  <testcase classname="testcases.CrmTest" name="ValidateClickTestingOfPriceBookPage" time="66.118"/>
  <system-out/>
  <testcase classname="testcases.CrmTest" name="ValidateClickTestingOfProductPage" time="55.868"/>
  <system-out/>
  <testcase classname="testcases.CrmTest" name="ValidateClickTestingOfPurchaseOrderPage" time="69.738"/>
  <system-out/>
  <testcase classname="testcases.CrmTest" name="ValidateClickTestingOfQuotePage" time="67.488"/>
  <system-out/>
  <testcase classname="testcases.CrmTest" name="ValidateClickTestingOfSalesOrderPage" time="101.967"/>
  <system-out/>
  <testcase classname="testcases.CrmTest" name="ValidateClickTestingOfStagesPage" time="103.484"/>
  <system-out/>
  <testcase classname="testcases.CrmTest" name="ValidateClickTestingOfVendorPage" time="88.715"/>
  <system-out/>
</testsuite> <!-- testcases.CrmTest -->
