<?xml version="1.0" encoding="UTF-8"?>
<!-- Generated by org.testng.reporters.JUnitReportReporter -->
<testsuite hostname="COG-WIN-MAC03" failures="0" tests="17" name="testcases.HRManagementTest" time="861.368" errors="0" timestamp="2022-12-12T11:36:45 IST" skipped="0">
  <testcase classname="testcases.HRManagementTest" name="ValidateClickTestingOfAttendancePage" time="24.033"/>
  <system-out/>
  <testcase classname="testcases.HRManagementTest" name="ValidateClickTestingOfAttendanceCardReportPage" time="35.952"/>
  <system-out/>
  <testcase classname="testcases.HRManagementTest" name="ValidateClickTestingOfAttendanceInOutReportPage" time="36.412"/>
  <system-out/>
  <testcase classname="testcases.HRManagementTest" name="ValidateClickTestingOfAttendanceApprovalPage" time="36.970"/>
  <system-out/>
  <testcase classname="testcases.HRManagementTest" name="ValidateClickTestingOfCheckInFlagListPage" time="35.828"/>
  <system-out/>
  <testcase classname="testcases.HRManagementTest" name="ValidateClickTestingOfDisputeApprovalPage" time="36.862"/>
  <system-out/>
  <testcase classname="testcases.HRManagementTest" name="ValidateClickTestingOfCheckInOutDisputePage" time="38.683"/>
  <system-out/>
  <testcase classname="testcases.HRManagementTest" name="ValidateClickTestingOfGroupListPage" time="49.072"/>
  <system-out/>
  <testcase classname="testcases.HRManagementTest" name="ValidateClickTestingOfHrReportPage" time="36.238"/>
  <system-out/>
  <testcase classname="testcases.HRManagementTest" name="ValidateClickTestingOfInductionDocumentListPage" time="55.946"/>
  <system-out/>
  <testcase classname="testcases.HRManagementTest" name="ValidateClickTestingOfLeavePage" time="81.054"/>
  <system-out/>
  <testcase classname="testcases.HRManagementTest" name="ValidateClickTestingOfLeaveApprovalPage" time="72.610"/>
  <system-out/>
  <testcase classname="testcases.HRManagementTest" name="ValidateClickTestingOfLeaveTypeListingPage" time="63.415"/>
  <system-out/>
  <testcase classname="testcases.HRManagementTest" name="ValidateClickTestingOfManageCheckInPage" time="52.253"/>
  <system-out/>
  <testcase classname="testcases.HRManagementTest" name="ValidateClickTestingOfOffboardEmployeeListPage" time="58.057"/>
  <system-out/>
  <testcase classname="testcases.HRManagementTest" name="ValidateClickTestingOfPolicyPage" time="66.380"/>
  <system-out/>
  <testcase classname="testcases.HRManagementTest" name="ValidateClickTestingOfResignationPage" time="81.603"/>
  <system-out/>
</testsuite> <!-- testcases.HRManagementTest -->
