<?xml version="1.0" encoding="UTF-8"?>
<!-- Generated by org.testng.reporters.JUnitReportReporter -->
<testsuite hostname="COG-WIN-MAC03" failures="0" tests="2" name="testcases.VendorTest" time="79.286" errors="0" timestamp="2023-06-29T05:36:22 IST" skipped="0">
  <testcase classname="testcases.VendorTest" name="ValidateClickTestingOfTrainingPage" time="24.929"/>
  <system-out/>
  <testcase classname="testcases.VendorTest" name="ValidateClickTestingOfVendorListingPage" time="54.357"/>
  <system-out/>
</testsuite> <!-- testcases.VendorTest -->
