<?xml version="1.0" encoding="UTF-8"?>
<!-- Generated by org.testng.reporters.JUnitReportReporter -->
<testsuite hostname="COG-WIN-MAC03" failures="0" tests="1" name="testcases.IntegrationTest" time="57.340" errors="0" timestamp="2022-12-12T12:03:12 IST" skipped="0">
  <testcase classname="testcases.IntegrationTest" name="ValidateClickTestingOfConnectorPage" time="57.340"/>
  <system-out/>
</testsuite> <!-- testcases.IntegrationTest -->
