<?xml version="1.0" encoding="UTF-8"?>
<!-- Generated by org.testng.reporters.JUnitReportReporter -->
<testsuite hostname="COG-WIN-MAC03" failures="0" tests="3" name="testcases.INTEGRATIONSTest" time="156.724" errors="0" timestamp="2022-11-09T13:40:06 IST" skipped="0">
  <testcase classname="testcases.INTEGRATIONSTest" name="ValidateClickTestingOfGPSTrackingPage" time="30.330"/>
  <system-out/>
  <testcase classname="testcases.INTEGRATIONSTest" name="ValidateClickTestingOfTwilioPage" time="51.503"/>
  <system-out/>
  <testcase classname="testcases.INTEGRATIONSTest" name="ValidateClickTestingOfConnectorPage" time="74.891"/>
  <system-out/>
</testsuite> <!-- testcases.INTEGRATIONSTest -->
