<?xml version="1.0" encoding="UTF-8"?>
<!-- Generated by org.testng.reporters.JUnitReportReporter -->
<testsuite hostname="COG-WIN-MAC03" failures="0" tests="3" name="testcases.INTEGRATIONSTest" time="185.181" errors="0" timestamp="2023-06-29T05:36:22 IST" skipped="0">
  <testcase classname="testcases.INTEGRATIONSTest" name="ValidateClickTestingOfGPSTrackingPage" time="34.225"/>
  <system-out/>
  <testcase classname="testcases.INTEGRATIONSTest" name="ValidateClickTestingOfTwilioPage" time="57.411"/>
  <system-out/>
  <testcase classname="testcases.INTEGRATIONSTest" name="ValidateClickTestingOfConnectorPage" time="93.545"/>
  <system-out/>
</testsuite> <!-- testcases.INTEGRATIONSTest -->
