<?xml version="1.0" encoding="UTF-8"?>
<!-- Generated by org.testng.reporters.JUnitReportReporter -->
<testsuite hostname="COG-WIN-MAC03" failures="0" tests="4" name="testcases.MSPModuleTest" time="214.591" errors="0" timestamp="2023-06-29T05:36:22 IST" skipped="0">
  <testcase classname="testcases.MSPModuleTest" name="ValidateClickTestingOfAddPackagesPage" time="37.118"/>
  <system-out/>
  <testcase classname="testcases.MSPModuleTest" name="ValidateClickTestingOfAddSubscriptionPage" time="59.808"/>
  <system-out/>
  <testcase classname="testcases.MSPModuleTest" name="ValidateClickTestingOfManagePackagesPage" time="53.610"/>
  <system-out/>
  <testcase classname="testcases.MSPModuleTest" name="ValidateClickTestingOfManageSubscriptionPage" time="64.055"/>
  <system-out/>
</testsuite> <!-- testcases.MSPModuleTest -->
