<?xml version="1.0" encoding="UTF-8"?>
<!-- Generated by org.testng.reporters.JUnitReportReporter -->
<testsuite hostname="COG-WIN-MAC03" failures="0" tests="5" name="testcases.PerformanceReviewTest" time="209.120" errors="0" timestamp="2022-12-12T12:12:02 IST" skipped="0">
  <testcase classname="testcases.PerformanceReviewTest" name="ValidateClickTestingOfPerformanceReviewPage" time="25.376"/>
  <system-out/>
  <testcase classname="testcases.PerformanceReviewTest" name="ValidateClickTestingOfPerformanceReviewReportPage" time="44.866"/>
  <system-out/>
  <testcase classname="testcases.PerformanceReviewTest" name="ValidateClickTestingOfProvideFeedbackPage" time="33.538"/>
  <system-out/>
  <testcase classname="testcases.PerformanceReviewTest" name="ValidateClickTestingOfProvideReviewPage" time="36.389"/>
  <system-out/>
  <testcase classname="testcases.PerformanceReviewTest" name="ValidateClickTestingOfReviewPage" time="68.951"/>
  <system-out/>
</testsuite> <!-- testcases.PerformanceReviewTest -->
