<?xml version="1.0" encoding="UTF-8"?>
<!-- Generated by org.testng.reporters.JUnitReportReporter -->
<testsuite hostname="COG-WIN-MAC03" failures="0" tests="14" name="testcases.TicketingTest" time="1354.887" errors="0" timestamp="2022-12-12T12:44:41 IST" skipped="0">
  <testcase classname="testcases.TicketingTest" name="ValidateClickTestingOfTicketingPage" time="243.962"/>
  <system-out/>
  <testcase classname="testcases.TicketingTest" name="ValidateClickTestingOfAddTicketPage" time="96.509"/>
  <system-out/>
  <testcase classname="testcases.TicketingTest" name="ValidateClickTestingOfUnassignedTicketPage" time="238.670"/>
  <system-out/>
  <testcase classname="testcases.TicketingTest" name="ValidateClickTestingOfTicketFeedbackPage" time="111.815"/>
  <system-out/>
  <testcase classname="testcases.TicketingTest" name="ValidateClickTestingOfCannedReplyPage" time="68.949"/>
  <system-out/>
  <testcase classname="testcases.TicketingTest" name="ValidateClickTestingOfTicketReportPage" time="41.479"/>
  <system-out/>
  <testcase classname="testcases.TicketingTest" name="ValidateClickTestingOfManageServiceBoardPage" time="76.818"/>
  <system-out/>
  <testcase classname="testcases.TicketingTest" name="ValidateClickTestingOfAddticketGroupPage" time="50.560"/>
  <system-out/>
  <testcase classname="testcases.TicketingTest" name="ValidateClickTestingOfTicketGroupPage" time="78.311"/>
  <system-out/>
  <testcase classname="testcases.TicketingTest" name="ValidateClickTestingOfSLAPage" time="79.585"/>
  <system-out/>
  <testcase classname="testcases.TicketingTest" name="ValidateClickTestingOfKnowledgeBasePage" time="59.417"/>
  <system-out/>
  <testcase classname="testcases.TicketingTest" name="ValidateClickTestingOfManageCategoryPage" time="52.015"/>
  <system-out/>
  <testcase classname="testcases.TicketingTest" name="ValidateClickTestingOfMyArticlesPage" time="80.581"/>
  <system-out/>
  <testcase classname="testcases.TicketingTest" name="ValidateClickTestingOfProductPage" time="76.216"/>
  <system-out/>
</testsuite> <!-- testcases.TicketingTest -->
