<?xml version="1.0" encoding="UTF-8"?>
<!-- Generated by org.testng.reporters.JUnitReportReporter -->
<testsuite hostname="COG-WIN-MAC03" failures="0" tests="14" name="testcases.TicketingTest" time="1054.670" errors="0" timestamp="2022-11-09T13:40:06 IST" skipped="0">
  <testcase classname="testcases.TicketingTest" name="ValidateClickTestingOfTicketingPage" time="102.050"/>
  <system-out/>
  <testcase classname="testcases.TicketingTest" name="ValidateClickTestingOfAddTicketPage" time="73.950"/>
  <system-out/>
  <testcase classname="testcases.TicketingTest" name="ValidateClickTestingOfUnassignedTicketPage" time="110.258"/>
  <system-out/>
  <testcase classname="testcases.TicketingTest" name="ValidateClickTestingOfTicketFeedbackPage" time="73.713"/>
  <system-out/>
  <testcase classname="testcases.TicketingTest" name="ValidateClickTestingOfCannedReplyPage" time="82.887"/>
  <system-out/>
  <testcase classname="testcases.TicketingTest" name="ValidateClickTestingOfTicketReportPage" time="42.405"/>
  <system-out/>
  <testcase classname="testcases.TicketingTest" name="ValidateClickTestingOfManageServiceBoardPage" time="79.640"/>
  <system-out/>
  <testcase classname="testcases.TicketingTest" name="ValidateClickTestingOfAddticketGroupPage" time="52.963"/>
  <system-out/>
  <testcase classname="testcases.TicketingTest" name="ValidateClickTestingOfTicketGroupPage" time="85.503"/>
  <system-out/>
  <testcase classname="testcases.TicketingTest" name="ValidateClickTestingOfSLAPage" time="78.422"/>
  <system-out/>
  <testcase classname="testcases.TicketingTest" name="ValidateClickTestingOfKnowledgeBasePage" time="61.297"/>
  <system-out/>
  <testcase classname="testcases.TicketingTest" name="ValidateClickTestingOfManageCategoryPage" time="51.492"/>
  <system-out/>
  <testcase classname="testcases.TicketingTest" name="ValidateClickTestingOfMyArticlesPage" time="84.006"/>
  <system-out/>
  <testcase classname="testcases.TicketingTest" name="ValidateClickTestingOfProductPage" time="76.084"/>
  <system-out/>
</testsuite> <!-- testcases.TicketingTest -->
