<?xml version="1.0" encoding="UTF-8"?>
<!-- Generated by org.testng.reporters.JUnitReportReporter -->
<testsuite hostname="COG-WIN-MAC03" failures="0" tests="10" name="testcases.ProjectManagementTest" time="546.774" errors="0" timestamp="2022-12-12T12:21:40 IST" skipped="0">
  <testcase classname="testcases.ProjectManagementTest" name="ValidateClickTestingOfGlobalTaskPage" time="35.700"/>
  <system-out/>
  <testcase classname="testcases.ProjectManagementTest" name="ValidateClickTestingOfProjectPage" time="101.365"/>
  <system-out/>
  <testcase classname="testcases.ProjectManagementTest" name="ValidateClickTestingOfProjectReportPage" time="46.966"/>
  <system-out/>
  <testcase classname="testcases.ProjectManagementTest" name="ValidateClickTestingOfProjectRequestPage" time="53.036"/>
  <system-out/>
  <testcase classname="testcases.ProjectManagementTest" name="ValidateClickTestingOfQuotesPage" time="46.858"/>
  <system-out/>
  <testcase classname="testcases.ProjectManagementTest" name="ValidateClickTestingOfRequestedTimeListPage" time="36.934"/>
  <system-out/>
  <testcase classname="testcases.ProjectManagementTest" name="ValidateClickTestingOfResourceImpactPage" time="48.151"/>
  <system-out/>
  <testcase classname="testcases.ProjectManagementTest" name="ValidateClickTestingOfResourceSchedulingPage" time="46.108"/>
  <system-out/>
  <testcase classname="testcases.ProjectManagementTest" name="ValidateClickTestingOfTaskPage" time="39.959"/>
  <system-out/>
  <testcase classname="testcases.ProjectManagementTest" name="ValidateClickTestingOfToDoListPage" time="91.697"/>
  <system-out/>
</testsuite> <!-- testcases.ProjectManagementTest -->
