<?xml version="1.0" encoding="UTF-8"?>
<!-- Generated by org.testng.reporters.JUnitReportReporter -->
<testsuite hostname="COG-WIN-MAC03" failures="0" tests="12" name="testcases.HiringTest" time="661.998" errors="0" timestamp="2022-11-09T13:40:06 IST" skipped="0">
  <testcase classname="testcases.HiringTest" name="ValidateClickTestingOfCandidateListPage" time="64.668"/>
  <system-out/>
  <testcase classname="testcases.HiringTest" name="ValidateClickTestingOfConsultantListListPage" time="59.201"/>
  <system-out/>
  <testcase classname="testcases.HiringTest" name="ValidateClickTestingOfGroupListListPage" time="55.797"/>
  <system-out/>
  <testcase classname="testcases.HiringTest" name="ValidateClickTestingOfjobListListPage" time="75.250"/>
  <system-out/>
  <testcase classname="testcases.HiringTest" name="ValidateClickTestingOfjobPostReportPage" time="35.956"/>
  <system-out/>
  <testcase classname="testcases.HiringTest" name="ValidateClickTestingOfJobRequisitionPage" time="49.021"/>
  <system-out/>
  <testcase classname="testcases.HiringTest" name="ValidateClickTestingOfOffboardEmployeeListPage" time="53.563"/>
  <system-out/>
  <testcase classname="testcases.HiringTest" name="ValidateClickTestingOfPolicyPage" time="55.787"/>
  <system-out/>
  <testcase classname="testcases.HiringTest" name="ValidateClickTestingOfResignationPage" time="63.441"/>
  <system-out/>
  <testcase classname="testcases.HiringTest" name="ValidateClickTestingOfSertvicePage" time="34.389"/>
  <system-out/>
  <testcase classname="testcases.HiringTest" name="ValidateClickTestingOfTalentPoolListPage" time="61.908"/>
  <system-out/>
  <testcase classname="testcases.HiringTest" name="ValidateClickTestingOfVendorListingPage" time="53.017"/>
  <system-out/>
</testsuite> <!-- testcases.HiringTest -->
