<?xml version="1.0" encoding="UTF-8"?>
<!-- Generated by org.testng.reporters.JUnitReportReporter -->
<testsuite hostname="COG-WIN-MAC03" failures="0" tests="30" name="testcases.TicketingTest" time="2350.524" errors="0" timestamp="2023-06-29T05:36:22 IST" skipped="0">
  <testcase classname="testcases.TicketingTest" name="ValidateClickTestingOfTicketingPage" time="182.670"/>
  <system-out/>
  <testcase classname="testcases.TicketingTest" name="ValidateClickTestingOfAddTicketPage" time="58.519"/>
  <system-out/>
  <testcase classname="testcases.TicketingTest" name="ValidateClickTestingOfUnassignedTicketPage" time="193.180"/>
  <system-out/>
  <testcase classname="testcases.TicketingTest" name="ValidateClickTestingOfTicketFeedbackPage" time="74.644"/>
  <system-out/>
  <testcase classname="testcases.TicketingTest" name="ValidateClickTestingOfCannedReplyPage" time="70.253"/>
  <system-out/>
  <testcase classname="testcases.TicketingTest" name="ValidateClickTestingOfTicketReportPage" time="48.408"/>
  <system-out/>
  <testcase classname="testcases.TicketingTest" name="ValidateClickTestingOfManageServiceBoardPage" time="87.714"/>
  <system-out/>
  <testcase classname="testcases.TicketingTest" name="ValidateClickTestingOfAddticketGroupPage" time="51.943"/>
  <system-out/>
  <testcase classname="testcases.TicketingTest" name="ValidateClickTestingOfTicketGroupPage" time="88.966"/>
  <system-out/>
  <testcase classname="testcases.TicketingTest" name="ValidateClickTestingOfSLAPage" time="85.493"/>
  <system-out/>
  <testcase classname="testcases.TicketingTest" name="ValidateClickTestingOfKnowledgeBasePage" time="92.160"/>
  <system-out/>
  <testcase classname="testcases.TicketingTest" name="ValidateClickTestingOfManageCategoryPage" time="55.543"/>
  <system-out/>
  <testcase classname="testcases.TicketingTest" name="ValidateClickTestingOfMyArticlesPage" time="93.782"/>
  <system-out/>
  <testcase classname="testcases.TicketingTest" name="ValidateClickTestingOfProductPage" time="83.967"/>
  <system-out/>
  <testcase classname="testcases.TicketingTest" name="ValidateClickTestingOfCallCenterSyncStatusPage" time="39.228"/>
  <system-out/>
  <testcase classname="testcases.TicketingTest" name="ValidateClickTestingOfFormBuilderPage" time="52.518"/>
  <system-out/>
  <testcase classname="testcases.TicketingTest" name="ValidateClickTestingOfFSMReportPage" time="40.034"/>
  <system-out/>
  <testcase classname="testcases.TicketingTest" name="ValidateClickTestingOfManageMapConfigurationPage" time="56.004"/>
  <system-out/>
  <testcase classname="testcases.TicketingTest" name="ValidateClickTestingOfMapExtentPage" time="42.928"/>
  <system-out/>
  <testcase classname="testcases.TicketingTest" name="ValidateClickTestingOfServiceAppointmentPage" time="135.270"/>
  <system-out/>
  <testcase classname="testcases.TicketingTest" name="ValidateClickTestingOfServiceCrewPage" time="101.568"/>
  <system-out/>
  <testcase classname="testcases.TicketingTest" name="ValidateClickTestingOfTechTrackingPage" time="37.441"/>
  <system-out/>
  <testcase classname="testcases.TicketingTest" name="ValidateClickTestingOfTransformPendingPage" time="38.018"/>
  <system-out/>
  <testcase classname="testcases.TicketingTest" name="ValidateClickTestingOfWorkTypeListingPage" time="99.847"/>
  <system-out/>
  <testcase classname="testcases.TicketingTest" name="ValidateClickTestingOfZoneManagementPage" time="50.231"/>
  <system-out/>
  <testcase classname="testcases.TicketingTest" name="ValidateClickTestingOfDashBoardPage" time="45.596"/>
  <system-out/>
  <testcase classname="testcases.TicketingTest" name="ValidateClickTestingOfTicketTypeListingPage" time="76.772"/>
  <system-out/>
  <testcase classname="testcases.TicketingTest" name="ValidateClickTestingOfWorkOrderPage" time="131.023"/>
  <system-out/>
  <testcase classname="testcases.TicketingTest" name="ValidateClickTestingOfIncidentTypePage" time="67.924"/>
  <system-out/>
  <testcase classname="testcases.TicketingTest" name="ValidateClickTestingOfResourceTypePage" time="68.880"/>
  <system-out/>
</testsuite> <!-- testcases.TicketingTest -->
