<?xml version="1.0" encoding="UTF-8"?>
<!-- Generated by org.testng.reporters.JUnitReportReporter -->
<testsuite hostname="COG-WIN-MAC03" failures="0" tests="9" name="testcases.TimeTrackingTest" time="470.772" errors="0" timestamp="2023-06-29T05:36:22 IST" skipped="0">
  <testcase classname="testcases.TimeTrackingTest" name="ValidateClickTestingOfAuditRulePage" time="46.441"/>
  <system-out/>
  <testcase classname="testcases.TimeTrackingTest" name="ValidateClickTestingOfBulkTimeEntryPage" time="41.443"/>
  <system-out/>
  <testcase classname="testcases.TimeTrackingTest" name="ValidateClickTestingOfFlagTrackEntryPage" time="40.487"/>
  <system-out/>
  <testcase classname="testcases.TimeTrackingTest" name="ValidateClickTestingOfProjectReportPage" time="49.703"/>
  <system-out/>
  <testcase classname="testcases.TimeTrackingTest" name="ValidateClickTestingOfTimeReportPage" time="69.812"/>
  <system-out/>
  <testcase classname="testcases.TimeTrackingTest" name="ValidateClickTestingOfTimeApprovalPage" time="52.550"/>
  <system-out/>
  <testcase classname="testcases.TimeTrackingTest" name="ValidateClickTestingOfTimeSheetPage" time="38.798"/>
  <system-out/>
  <testcase classname="testcases.TimeTrackingTest" name="ValidateClickTestingOfTimeTrackPage" time="82.266"/>
  <system-out/>
  <testcase classname="testcases.TimeTrackingTest" name="ValidateClickTestingOfWorkDiaryPage" time="49.272"/>
  <system-out/>
</testsuite> <!-- testcases.TimeTrackingTest -->
