<?xml version="1.0" encoding="UTF-8"?>
<!-- Generated by org.testng.reporters.JUnitReportReporter -->
<testsuite hostname="COG-WIN-MAC03" failures="0" tests="11" name="testcases.IntegrationTest" time="521.644" errors="0" timestamp="2022-11-09T13:40:06 IST" skipped="0">
  <testcase classname="testcases.IntegrationTest" name="ValidateClickTestingOfBasecampPage" time="42.178"/>
  <system-out/>
  <testcase classname="testcases.IntegrationTest" name="ValidateClickTestingOfEmailPage" time="43.637"/>
  <system-out/>
  <testcase classname="testcases.IntegrationTest" name="ValidateClickTestingOfFreshBookPage" time="47.313"/>
  <system-out/>
  <testcase classname="testcases.IntegrationTest" name="ValidateClickTestingOfGPSTrackingPage" time="58.873"/>
  <system-out/>
  <testcase classname="testcases.IntegrationTest" name="ValidateClickTestingOfIVrPage" time="74.912"/>
  <system-out/>
  <testcase classname="testcases.IntegrationTest" name="ValidateClickTestingOfMicrosoftProjectPlanPage" time="50.335"/>
  <system-out/>
  <testcase classname="testcases.IntegrationTest" name="ValidateClickTestingOfQuickBooksPage" time="42.617"/>
  <system-out/>
  <testcase classname="testcases.IntegrationTest" name="ValidateClickTestingOfSalesForcePage" time="34.349"/>
  <system-out/>
  <testcase classname="testcases.IntegrationTest" name="ValidateClickTestingOfTrelloPage" time="40.001"/>
  <system-out/>
  <testcase classname="testcases.IntegrationTest" name="ValidateClickTestingOfTwilioPage" time="50.082"/>
  <system-out/>
  <testcase classname="testcases.IntegrationTest" name="ValidateClickTestingOfUnifiedSetupPage" time="37.347"/>
  <system-out/>
</testsuite> <!-- testcases.IntegrationTest -->
