<?xml version="1.0" encoding="UTF-8"?>
<!-- Generated by org.testng.reporters.JUnitReportReporter -->
<testsuite hostname="COG-WIN-MAC03" failures="0" tests="2" name="testcases.TrainingTest" time="89.957" errors="0" timestamp="2022-12-12T12:54:17 IST" skipped="0">
  <testcase classname="testcases.TrainingTest" name="ValidateClickTestingOfTrainingPage" time="55.102"/>
  <system-out/>
  <testcase classname="testcases.TrainingTest" name="ValidateClickTestingOfTrainingReportPage" time="34.855"/>
  <system-out/>
</testsuite> <!-- testcases.TrainingTest -->
