<?xml version="1.0" encoding="UTF-8"?>
<!-- Generated by org.testng.reporters.JUnitReportReporter -->
<testsuite hostname="COG-WIN-MAC03" failures="0" tests="5" name="testcases.PerformanceReviewTest" time="187.089" errors="0" timestamp="2022-11-09T13:40:06 IST" skipped="0">
  <testcase classname="testcases.PerformanceReviewTest" name="ValidateClickTestingOfPerformanceReviewPage" time="21.725"/>
  <system-out/>
  <testcase classname="testcases.PerformanceReviewTest" name="ValidateClickTestingOfPerformanceReviewReportPage" time="44.344"/>
  <system-out/>
  <testcase classname="testcases.PerformanceReviewTest" name="ValidateClickTestingOfProvideFeedbackPage" time="35.084"/>
  <system-out/>
  <testcase classname="testcases.PerformanceReviewTest" name="ValidateClickTestingOfProvideReviewPage" time="36.529"/>
  <system-out/>
  <testcase classname="testcases.PerformanceReviewTest" name="ValidateClickTestingOfReviewPage" time="49.407"/>
  <system-out/>
</testsuite> <!-- testcases.PerformanceReviewTest -->
