<?xml version="1.0" encoding="UTF-8"?>
<!-- Generated by org.testng.reporters.JUnitReportReporter -->
<testsuite hostname="COG-WIN-MAC03" failures="0" tests="17" name="testcases.HRManagementTest" time="856.598" errors="0" timestamp="2023-06-29T05:36:22 IST" skipped="0">
  <testcase classname="testcases.HRManagementTest" name="ValidateClickTestingOfAttendancePage" time="21.319"/>
  <system-out/>
  <testcase classname="testcases.HRManagementTest" name="ValidateClickTestingOfAttendanceCardReportPage" time="35.683"/>
  <system-out/>
  <testcase classname="testcases.HRManagementTest" name="ValidateClickTestingOfAttendanceInOutReportPage" time="36.078"/>
  <system-out/>
  <testcase classname="testcases.HRManagementTest" name="ValidateClickTestingOfAttendanceApprovalPage" time="36.363"/>
  <system-out/>
  <testcase classname="testcases.HRManagementTest" name="ValidateClickTestingOfCheckInFlagListPage" time="35.464"/>
  <system-out/>
  <testcase classname="testcases.HRManagementTest" name="ValidateClickTestingOfDisputeApprovalPage" time="37.215"/>
  <system-out/>
  <testcase classname="testcases.HRManagementTest" name="ValidateClickTestingOfCheckInOutDisputePage" time="36.871"/>
  <system-out/>
  <testcase classname="testcases.HRManagementTest" name="ValidateClickTestingOfGroupListPage" time="53.342"/>
  <system-out/>
  <testcase classname="testcases.HRManagementTest" name="ValidateClickTestingOfHrReportPage" time="46.069"/>
  <system-out/>
  <testcase classname="testcases.HRManagementTest" name="ValidateClickTestingOfInductionDocumentListPage" time="60.259"/>
  <system-out/>
  <testcase classname="testcases.HRManagementTest" name="ValidateClickTestingOfLeavePage" time="84.473"/>
  <system-out/>
  <testcase classname="testcases.HRManagementTest" name="ValidateClickTestingOfLeaveApprovalPage" time="71.164"/>
  <system-out/>
  <testcase classname="testcases.HRManagementTest" name="ValidateClickTestingOfLeaveTypeListingPage" time="62.904"/>
  <system-out/>
  <testcase classname="testcases.HRManagementTest" name="ValidateClickTestingOfManageCheckInPage" time="49.432"/>
  <system-out/>
  <testcase classname="testcases.HRManagementTest" name="ValidateClickTestingOfOffboardEmployeeListPage" time="63.298"/>
  <system-out/>
  <testcase classname="testcases.HRManagementTest" name="ValidateClickTestingOfPolicyPage" time="65.880"/>
  <system-out/>
  <testcase classname="testcases.HRManagementTest" name="ValidateClickTestingOfResignationPage" time="60.784"/>
  <system-out/>
</testsuite> <!-- testcases.HRManagementTest -->
