<?xml version="1.0" encoding="UTF-8"?>
<!-- Generated by org.testng.reporters.JUnitReportReporter -->
<testsuite hostname="COG-WIN-MAC03" failures="0" tests="13" name="testcases.HumanResourcesTest" time="746.293" errors="0" timestamp="2022-12-12T11:49:37 IST" skipped="0">
  <testcase classname="testcases.HumanResourcesTest" name="ValidateClickTestingOfAttendancePage" time="23.090"/>
  <system-out/>
  <testcase classname="testcases.HumanResourcesTest" name="ValidateClickTestingOfAttendanceApprovalPage" time="35.219"/>
  <system-out/>
  <testcase classname="testcases.HumanResourcesTest" name="ValidateClickTestingOfCandidateListPage" time="83.861"/>
  <system-out/>
  <testcase classname="testcases.HumanResourcesTest" name="ValidateClickTestingOfCheckInFlagListPage" time="33.970"/>
  <system-out/>
  <testcase classname="testcases.HumanResourcesTest" name="ValidateClickTestingOfConsultantListPage" time="66.614"/>
  <system-out/>
  <testcase classname="testcases.HumanResourcesTest" name="ValidateClickTestingOfGroupListPage" time="50.006"/>
  <system-out/>
  <testcase classname="testcases.HumanResourcesTest" name="ValidateClickTestingOfHRReportPage" time="47.894"/>
  <system-out/>
  <testcase classname="testcases.HumanResourcesTest" name="ValidateClickTestingOfInductionDocumentListPage" time="60.179"/>
  <system-out/>
  <testcase classname="testcases.HumanResourcesTest" name="ValidateClickTestingOfLeavePage" time="92.544"/>
  <system-out/>
  <testcase classname="testcases.HumanResourcesTest" name="ValidateClickTestingOfLeaveApprovalPage" time="70.387"/>
  <system-out/>
  <testcase classname="testcases.HumanResourcesTest" name="ValidateClickTestingOfLeaveTypeListingPage" time="62.393"/>
  <system-out/>
  <testcase classname="testcases.HumanResourcesTest" name="ValidateClickTestingOfManageCheckInPage" time="50.272"/>
  <system-out/>
  <testcase classname="testcases.HumanResourcesTest" name="ValidateClickTestingOfTalentPoolListPage" time="69.864"/>
  <system-out/>
</testsuite> <!-- testcases.HumanResourcesTest -->
