<?xml version="1.0" encoding="UTF-8"?>
<!-- Generated by org.testng.reporters.JUnitReportReporter -->
<testsuite hostname="COG-WIN-MAC03" failures="0" tests="2" name="testcases.DisplayScreenTest" time="106.199" errors="0" timestamp="2023-06-29T05:36:22 IST" skipped="0">
  <testcase classname="testcases.DisplayScreenTest" name="ValidateClickTestingOfCounterPage" time="35.717"/>
  <system-out/>
  <testcase classname="testcases.DisplayScreenTest" name="ValidateClickTestingOfTokenPage" time="70.482"/>
  <system-out/>
</testsuite> <!-- testcases.DisplayScreenTest -->
