<?xml version="1.0" encoding="UTF-8"?>
<!-- Generated by org.testng.reporters.JUnitReportReporter -->
<testsuite hostname="COG-WIN-MAC03" failures="0" tests="12" name="testcases.CompanySetUpTest" time="577.070" errors="0" timestamp="2022-12-09T18:01:48 IST" skipped="0">
  <testcase classname="testcases.CompanySetUpTest" name="ValidateClickTestingOfClientPage" time="54.298"/>
  <system-out/>
  <testcase classname="testcases.CompanySetUpTest" name="ValidateClickTestingOfCompanyDirectoryPage" time="34.968"/>
  <system-out/>
  <testcase classname="testcases.CompanySetUpTest" name="ValidateClickTestingOfCompanySetupPage" time="34.806"/>
  <system-out/>
  <testcase classname="testcases.CompanySetUpTest" name="ValidateClickTestingOfConfigurationPage" time="47.458"/>
  <system-out/>
  <testcase classname="testcases.CompanySetUpTest" name="ValidateClickTestingOfContextMenuPage" time="34.021"/>
  <system-out/>
  <testcase classname="testcases.CompanySetUpTest" name="ValidateClickTestingOfHoliDayBankPage" time="63.080"/>
  <system-out/>
  <testcase classname="testcases.CompanySetUpTest" name="ValidateClickTestingOfManageSubscriptionPage" time="40.059"/>
  <system-out/>
  <testcase classname="testcases.CompanySetUpTest" name="ValidateClickTestingOfManageTaxPage" time="65.004"/>
  <system-out/>
  <testcase classname="testcases.CompanySetUpTest" name="ValidateClickTestingOfResourceApprovalPage" time="34.670"/>
  <system-out/>
  <testcase classname="testcases.CompanySetUpTest" name="ValidateClickTestingOfRolesPage" time="49.756"/>
  <system-out/>
  <testcase classname="testcases.CompanySetUpTest" name="ValidateClickTestingOfUserPage" time="58.727"/>
  <system-out/>
  <testcase classname="testcases.CompanySetUpTest" name="ValidateClickTestingOfSearchVendorsPage" time="60.223"/>
  <system-out/>
</testsuite> <!-- testcases.CompanySetUpTest -->
