<?xml version="1.0" encoding="UTF-8"?>
<!-- Generated by org.testng.reporters.JUnitReportReporter -->
<testsuite hostname="COG-WIN-MAC03" failures="0" tests="5" name="testcases.CommunicationTest" time="211.506" errors="0" timestamp="2023-06-29T05:36:22 IST" skipped="0">
  <testcase classname="testcases.CommunicationTest" name="ValidateClickTestingOfIVRPage" time="43.444"/>
  <system-out/>
  <testcase classname="testcases.CommunicationTest" name="ValidateClickTestingOfMeetingRecordingListPage" time="37.812"/>
  <system-out/>
  <testcase classname="testcases.CommunicationTest" name="ValidateClickTestingOfMeetingsPage" time="45.008"/>
  <system-out/>
  <testcase classname="testcases.CommunicationTest" name="ValidateClickTestingOfUnifiedSetupPage" time="43.955"/>
  <system-out/>
  <testcase classname="testcases.CommunicationTest" name="ValidateClickTestingOfVideoRecordingListPage" time="41.287"/>
  <system-out/>
</testsuite> <!-- testcases.CommunicationTest -->
