<?xml version="1.0" encoding="UTF-8"?>
<!-- Generated by org.testng.reporters.JUnitReportReporter -->
<testsuite hostname="COG-WIN-MAC03" failures="0" tests="5" name="testcases.CommunicationTest" time="200.440" errors="0" timestamp="2022-12-09T17:51:49 IST" skipped="0">
  <testcase classname="testcases.CommunicationTest" name="ValidateClickTestingOfIVRPage" time="41.486"/>
  <system-out/>
  <testcase classname="testcases.CommunicationTest" name="ValidateClickTestingOfMeetingRecordingListPage" time="37.437"/>
  <system-out/>
  <testcase classname="testcases.CommunicationTest" name="ValidateClickTestingOfMeetingsPage" time="42.655"/>
  <system-out/>
  <testcase classname="testcases.CommunicationTest" name="ValidateClickTestingOfUnifiedSetupPage" time="43.426"/>
  <system-out/>
  <testcase classname="testcases.CommunicationTest" name="ValidateClickTestingOfVideoRecordingListPage" time="35.436"/>
  <system-out/>
</testsuite> <!-- testcases.CommunicationTest -->
