<?xml version="1.0" encoding="UTF-8"?>
<!-- Generated by org.testng.reporters.JUnitReportReporter -->
<testsuite hostname="COG-WIN-MAC03" failures="0" tests="12" name="testcases.CompanySetUpTest" time="567.858" errors="0" timestamp="2022-11-09T13:40:06 IST" skipped="0">
  <testcase classname="testcases.CompanySetUpTest" name="ValidateClickTestingOfClientPage" time="52.534"/>
  <system-out/>
  <testcase classname="testcases.CompanySetUpTest" name="ValidateClickTestingOfCompanyDirectoryPage" time="34.070"/>
  <system-out/>
  <testcase classname="testcases.CompanySetUpTest" name="ValidateClickTestingOfCompanySetupPage" time="34.937"/>
  <system-out/>
  <testcase classname="testcases.CompanySetUpTest" name="ValidateClickTestingOfConfigurationPage" time="43.968"/>
  <system-out/>
  <testcase classname="testcases.CompanySetUpTest" name="ValidateClickTestingOfContextMenuPage" time="34.581"/>
  <system-out/>
  <testcase classname="testcases.CompanySetUpTest" name="ValidateClickTestingOfHoliDayBankPage" time="62.968"/>
  <system-out/>
  <testcase classname="testcases.CompanySetUpTest" name="ValidateClickTestingOfManageSubscriptionPage" time="39.825"/>
  <system-out/>
  <testcase classname="testcases.CompanySetUpTest" name="ValidateClickTestingOfManageTaxPage" time="60.741"/>
  <system-out/>
  <testcase classname="testcases.CompanySetUpTest" name="ValidateClickTestingOfResourceApprovalPage" time="34.641"/>
  <system-out/>
  <testcase classname="testcases.CompanySetUpTest" name="ValidateClickTestingOfRolesPage" time="51.263"/>
  <system-out/>
  <testcase classname="testcases.CompanySetUpTest" name="ValidateClickTestingOfUserPage" time="55.894"/>
  <system-out/>
  <testcase classname="testcases.CompanySetUpTest" name="ValidateClickTestingOfSearchVendorsPage" time="62.436"/>
  <system-out/>
</testsuite> <!-- testcases.CompanySetUpTest -->
