<?xml version="1.0" encoding="UTF-8"?>
<!-- Generated by org.testng.reporters.JUnitReportReporter -->
<testsuite hostname="COG-WIN-MAC03" failures="0" tests="13" name="testcases.BillingTest" time="703.478" errors="0" timestamp="2022-12-09T17:47:07 IST" skipped="0">
  <testcase classname="testcases.BillingTest" name="ValidateClickTestingOfAutomateFlagProcessingPage" time="37.254"/>
  <system-out/>
  <testcase classname="testcases.BillingTest" name="ValidateClickTestingOfBillingRulePage" time="111.363"/>
  <system-out/>
  <testcase classname="testcases.BillingTest" name="ValidateClickTestingOfBillingServicePage" time="53.936"/>
  <system-out/>
  <testcase classname="testcases.BillingTest" name="ValidateClickTestingOfBillingSetupPage" time="49.473"/>
  <system-out/>
  <testcase classname="testcases.BillingTest" name="ValidateClickTestingOfFlagRecordsPage" time="69.458"/>
  <system-out/>
  <testcase classname="testcases.BillingTest" name="ValidateClickTestingOfClientReportPage" time="49.006"/>
  <system-out/>
  <testcase classname="testcases.BillingTest" name="ValidateClickTestingOfAddInvoicePage" time="43.072"/>
  <system-out/>
  <testcase classname="testcases.BillingTest" name="ValidateClickTestingOfImportInvoicePage" time="43.980"/>
  <system-out/>
  <testcase classname="testcases.BillingTest" name="ValidateClickTestingOfInvoicePage" time="69.292"/>
  <system-out/>
  <testcase classname="testcases.BillingTest" name="ValidateClickTestingOfInvoiceReportPage" time="44.325"/>
  <system-out/>
  <testcase classname="testcases.BillingTest" name="ValidateClickTestingOfProcessAndReprocessChargesPage" time="41.770"/>
  <system-out/>
  <testcase classname="testcases.BillingTest" name="ValidateClickTestingOfViewHistoryPage" time="55.829"/>
  <system-out/>
  <testcase classname="testcases.BillingTest" name="ValidateClickTestingOfReceivedInvoicePage" time="34.720"/>
  <system-out/>
</testsuite> <!-- testcases.BillingTest -->
