<?xml version="1.0" encoding="UTF-8"?>
<!-- Generated by org.testng.reporters.JUnitReportReporter -->
<testsuite hostname="COG-WIN-MAC03" failures="0" tests="15" name="testcases.AssetManagementTest" time="947.531" errors="0" timestamp="2022-11-09T13:40:06 IST" skipped="0">
  <testcase classname="testcases.AssetManagementTest" name="ValidateClickTestingOfGroupListPage" time="35.875"/>
  <system-out/>
  <testcase classname="testcases.AssetManagementTest" name="ValidateClickTestingOfReturnListPage" time="34.535"/>
  <system-out/>
  <testcase classname="testcases.AssetManagementTest" name="ValidateClickTestingOfMissingProductPage" time="36.577"/>
  <system-out/>
  <testcase classname="testcases.AssetManagementTest" name="ValidateClickTestingOfProductsScanSummaryPage" time="36.682"/>
  <system-out/>
  <testcase classname="testcases.AssetManagementTest" name="ValidateClickTestingOfRFIDAssetListingPage" time="35.752"/>
  <system-out/>
  <testcase classname="testcases.AssetManagementTest" name="ValidateClickTestingOfScannedItemsPage" time="43.675"/>
  <system-out/>
  <testcase classname="testcases.AssetManagementTest" name="ValidateClickTestingOfScannedItemsStatusPage" time="36.416"/>
  <system-out/>
  <testcase classname="testcases.AssetManagementTest" name="ValidateClickTestingOfManageProductPage" time="127.050"/>
  <system-out/>
  <testcase classname="testcases.AssetManagementTest" name="ValidateClickTestingOfProductWriteOffPage" time="59.355"/>
  <system-out/>
  <testcase classname="testcases.AssetManagementTest" name="ValidateClickTestingOfMyProductPage" time="130.066"/>
  <system-out/>
  <testcase classname="testcases.AssetManagementTest" name="ValidateClickTestingOfProductReportPage" time="63.918"/>
  <system-out/>
  <testcase classname="testcases.AssetManagementTest" name="ValidateClickTestingOfProductAssignmentPage" time="61.527"/>
  <system-out/>
  <testcase classname="testcases.AssetManagementTest" name="ValidateClickTestingOfProductContainerPage" time="125.265"/>
  <system-out/>
  <testcase classname="testcases.AssetManagementTest" name="ValidateClickTestingOfProductTyperPage" time="75.123"/>
  <system-out/>
  <testcase classname="testcases.AssetManagementTest" name="ValidateClickTestingOfDashboardPage" time="45.715"/>
  <system-out/>
</testsuite> <!-- testcases.AssetManagementTest -->
