<?xml version="1.0" encoding="UTF-8"?>
<!-- Generated by org.testng.reporters.JUnitReportReporter -->
<testsuite hostname="COG-WIN-MAC03" failures="0" tests="1" name="testcases.FsmTest" time="37.465" errors="0" timestamp="2023-06-23T23:26:19 IST" skipped="0">
  <testcase classname="testcases.FsmTest" name="ValidateClickTestingOfDashBoardPage" time="37.465"/>
  <system-out/>
</testsuite> <!-- testcases.FsmTest -->
