<?xml version="1.0" encoding="UTF-8"?>
<!-- Generated by org.testng.reporters.JUnitReportReporter -->
<testsuite hostname="COG-WIN-MAC03" failures="0" tests="1" name="testcases.VDeskTest" time="26.171" errors="0" timestamp="2022-12-12T14:17:33 IST" skipped="0">
  <testcase classname="testcases.VDeskTest" name="ValidateClickTestingOfServerGroupsPage" time="26.171"/>
  <system-out/>
</testsuite> <!-- testcases.VDeskTest -->
