<?xml version="1.0" encoding="UTF-8"?>
<!-- Generated by org.testng.reporters.JUnitReportReporter -->
<testsuite hostname="COG-WIN-MAC03" failures="0" tests="1" name="testcases.AssetManagementTest" time="25.951" errors="0" timestamp="2022-12-09T17:35:04 IST" skipped="0">
  <testcase classname="testcases.AssetManagementTest" name="ValidateClickTestingOfMissingProductPage" time="25.951"/>
  <system-out/>
</testsuite> <!-- testcases.AssetManagementTest -->
