<?xml version="1.0" encoding="UTF-8"?>
<!-- Generated by org.testng.reporters.JUnitReportReporter -->
<testsuite hostname="COG-WIN-MAC03" failures="0" tests="2" name="testcases.VendorTest" time="71.942" errors="0" timestamp="2022-12-12T12:55:57 IST" skipped="0">
  <testcase classname="testcases.VendorTest" name="ValidateClickTestingOfTrainingPage" time="20.124"/>
  <system-out/>
  <testcase classname="testcases.VendorTest" name="ValidateClickTestingOfVendorListingPage" time="51.818"/>
  <system-out/>
</testsuite> <!-- testcases.VendorTest -->
