<?xml version="1.0" encoding="UTF-8"?>
<!-- Generated by org.testng.reporters.JUnitReportReporter -->
<testsuite hostname="COG-WIN-MAC03" failures="0" tests="7" name="testcases.ExpenseTest" time="362.461" errors="0" timestamp="2022-11-09T13:40:06 IST" skipped="0">
  <testcase classname="testcases.ExpenseTest" name="ValidateClickTestingOfAddExpensePage" time="32.928"/>
  <system-out/>
  <testcase classname="testcases.ExpenseTest" name="ValidateClickTestingOfBulkUploadExpensePage" time="37.457"/>
  <system-out/>
  <testcase classname="testcases.ExpenseTest" name="ValidateClickTestingOfExpenseApprovalPage" time="55.311"/>
  <system-out/>
  <testcase classname="testcases.ExpenseTest" name="ValidateClickTestingOfExpenseReportsPage" time="40.144"/>
  <system-out/>
  <testcase classname="testcases.ExpenseTest" name="ValidateClickTestingOfExpensesPage" time="61.626"/>
  <system-out/>
  <testcase classname="testcases.ExpenseTest" name="ValidateClickTestingOfProjectPage" time="74.550"/>
  <system-out/>
  <testcase classname="testcases.ExpenseTest" name="ValidateClickTestingOfExpenseDashBoardPage" time="60.445"/>
  <system-out/>
</testsuite> <!-- testcases.ExpenseTest -->
