<?xml version="1.0" encoding="UTF-8"?>
<!-- Generated by org.testng.reporters.JUnitReportReporter -->
<testsuite hostname="COG-WIN-MAC03" failures="0" tests="5" name="testcases.PerformanceReviewTest" time="198.977" errors="0" timestamp="2023-06-29T05:36:22 IST" skipped="0">
  <testcase classname="testcases.PerformanceReviewTest" name="ValidateClickTestingOfPerformanceReviewPage" time="23.668"/>
  <system-out/>
  <testcase classname="testcases.PerformanceReviewTest" name="ValidateClickTestingOfPerformanceReviewReportPage" time="49.837"/>
  <system-out/>
  <testcase classname="testcases.PerformanceReviewTest" name="ValidateClickTestingOfProvideFeedbackPage" time="36.600"/>
  <system-out/>
  <testcase classname="testcases.PerformanceReviewTest" name="ValidateClickTestingOfProvideReviewPage" time="36.341"/>
  <system-out/>
  <testcase classname="testcases.PerformanceReviewTest" name="ValidateClickTestingOfReviewPage" time="52.531"/>
  <system-out/>
</testsuite> <!-- testcases.PerformanceReviewTest -->
