<?xml version="1.0" encoding="UTF-8"?>
<!-- Generated by org.testng.reporters.JUnitReportReporter -->
<testsuite hostname="COG-WIN-MAC03" failures="0" tests="4" name="testcases.MSPModuleTest" time="187.627" errors="0" timestamp="2022-12-12T12:08:14 IST" skipped="0">
  <testcase classname="testcases.MSPModuleTest" name="ValidateClickTestingOfAddPackagesPage" time="29.075"/>
  <system-out/>
  <testcase classname="testcases.MSPModuleTest" name="ValidateClickTestingOfAddSubscriptionPage" time="53.227"/>
  <system-out/>
  <testcase classname="testcases.MSPModuleTest" name="ValidateClickTestingOfManagePackagesPage" time="48.597"/>
  <system-out/>
  <testcase classname="testcases.MSPModuleTest" name="ValidateClickTestingOfManageSubscriptionPage" time="56.728"/>
  <system-out/>
</testsuite> <!-- testcases.MSPModuleTest -->
