<?xml version="1.0" encoding="UTF-8"?>
<!-- Generated by org.testng.reporters.JUnitReportReporter -->
<testsuite hostname="COG-WIN-MAC03" failures="0" tests="13" name="testcases.BillingTest" time="689.728" errors="0" timestamp="2022-11-09T13:40:06 IST" skipped="0">
  <testcase classname="testcases.BillingTest" name="ValidateClickTestingOfAutomateFlagProcessingPage" time="38.543"/>
  <system-out/>
  <testcase classname="testcases.BillingTest" name="ValidateClickTestingOfBillingRulePage" time="107.147"/>
  <system-out/>
  <testcase classname="testcases.BillingTest" name="ValidateClickTestingOfBillingServicePage" time="52.088"/>
  <system-out/>
  <testcase classname="testcases.BillingTest" name="ValidateClickTestingOfBillingSetupPage" time="50.770"/>
  <system-out/>
  <testcase classname="testcases.BillingTest" name="ValidateClickTestingOfFlagRecordsPage" time="64.907"/>
  <system-out/>
  <testcase classname="testcases.BillingTest" name="ValidateClickTestingOfClientReportPage" time="47.477"/>
  <system-out/>
  <testcase classname="testcases.BillingTest" name="ValidateClickTestingOfAddInvoicePage" time="43.070"/>
  <system-out/>
  <testcase classname="testcases.BillingTest" name="ValidateClickTestingOfImportInvoicePage" time="43.303"/>
  <system-out/>
  <testcase classname="testcases.BillingTest" name="ValidateClickTestingOfInvoicePage" time="67.526"/>
  <system-out/>
  <testcase classname="testcases.BillingTest" name="ValidateClickTestingOfInvoiceReportPage" time="46.481"/>
  <system-out/>
  <testcase classname="testcases.BillingTest" name="ValidateClickTestingOfProcessAndReprocessChargesPage" time="38.212"/>
  <system-out/>
  <testcase classname="testcases.BillingTest" name="ValidateClickTestingOfViewHistoryPage" time="56.767"/>
  <system-out/>
  <testcase classname="testcases.BillingTest" name="ValidateClickTestingOfReceivedInvoicePage" time="33.437"/>
  <system-out/>
</testsuite> <!-- testcases.BillingTest -->
