<?xml version="1.0" encoding="UTF-8"?>
<!-- Generated by org.testng.reporters.JUnitReportReporter -->
<testsuite hostname="COG-WIN-MAC03" failures="0" tests="3" name="testcases.DocumentStorageTest" time="128.052" errors="0" timestamp="2022-12-09T18:27:52 IST" skipped="0">
  <testcase classname="testcases.DocumentStorageTest" name="ValidateClickTestingOfManageClientStoragePage" time="29.846"/>
  <system-out/>
  <testcase classname="testcases.DocumentStorageTest" name="ValidateClickTestingOfManageUserStoragePage" time="49.768"/>
  <system-out/>
  <testcase classname="testcases.DocumentStorageTest" name="ValidateClickTestingOfUserStorageReportPage" time="48.438"/>
  <system-out/>
</testsuite> <!-- testcases.DocumentStorageTest -->
